[2025-09-24T21:28:25.148+0000] {local_task_job_runner.py:120} INFO - ::group::Pre task execution logs
[2025-09-24T21:28:25.177+0000] {taskinstance.py:2076} INFO - Dependencies all met for dep_context=non-requeueable deps ti=<TaskInstance: ecom_etl.transform_load_postgres manual__2025-09-24T21:22:14.477908+00:00 [queued]>
[2025-09-24T21:28:25.184+0000] {taskinstance.py:2076} INFO - Dependencies all met for dep_context=requeueable deps ti=<TaskInstance: ecom_etl.transform_load_postgres manual__2025-09-24T21:22:14.477908+00:00 [queued]>
[2025-09-24T21:28:25.185+0000] {taskinstance.py:2306} INFO - Starting attempt 2 of 2
[2025-09-24T21:28:25.201+0000] {taskinstance.py:2330} INFO - Executing <Task(BashOperator): transform_load_postgres> on 2025-09-24 21:22:14.477908+00:00
[2025-09-24T21:28:25.207+0000] {standard_task_runner.py:63} INFO - Started process 608 to run task
[2025-09-24T21:28:25.211+0000] {standard_task_runner.py:90} INFO - Running: ['airflow', 'tasks', 'run', 'ecom_etl', 'transform_load_postgres', 'manual__2025-09-24T21:22:14.477908+00:00', '--job-id', '19', '--raw', '--subdir', 'DAGS_FOLDER/ecom_etl_dag.py', '--cfg-path', '/tmp/tmpu57toloi']
[2025-09-24T21:28:25.213+0000] {standard_task_runner.py:91} INFO - Job 19: Subtask transform_load_postgres
[2025-09-24T21:28:25.288+0000] {task_command.py:426} INFO - Running <TaskInstance: ecom_etl.transform_load_postgres manual__2025-09-24T21:22:14.477908+00:00 [running]> on host b829da94a7fc
[2025-09-24T21:28:25.363+0000] {taskinstance.py:2648} INFO - Exporting env vars: AIRFLOW_CTX_DAG_OWNER='ecom' AIRFLOW_CTX_DAG_ID='ecom_etl' AIRFLOW_CTX_TASK_ID='transform_load_postgres' AIRFLOW_CTX_EXECUTION_DATE='2025-09-24T21:22:14.477908+00:00' AIRFLOW_CTX_TRY_NUMBER='2' AIRFLOW_CTX_DAG_RUN_ID='manual__2025-09-24T21:22:14.477908+00:00'
[2025-09-24T21:28:25.364+0000] {taskinstance.py:430} INFO - ::endgroup::
[2025-09-24T21:28:25.383+0000] {subprocess.py:63} INFO - Tmp dir root location: /tmp
[2025-09-24T21:28:25.384+0000] {subprocess.py:75} INFO - Running command: ['/usr/bin/bash', '-c', 'export PG_HOST=postgres PG_USER=ecom_user PG_PASS=ecom_pass PG_DB=ecom_dw PG_SCHEMA=ecom;python /opt/airflow/scripts/transform_load_postgres.py']
[2025-09-24T21:28:25.393+0000] {subprocess.py:86} INFO - Output:
[2025-09-24T21:28:54.821+0000] {subprocess.py:93} INFO - Reading from MongoDB ...
[2025-09-24T21:28:54.822+0000] {subprocess.py:93} INFO - Loading to PostgreSQL ...
[2025-09-24T21:28:54.822+0000] {subprocess.py:93} INFO - ✅ Transform & Load complete.
[2025-09-24T21:28:55.398+0000] {subprocess.py:97} INFO - Command exited with return code 0
[2025-09-24T21:28:55.400+0000] {taskinstance.py:441} INFO - ::group::Post task execution logs
[2025-09-24T21:28:55.420+0000] {taskinstance.py:1206} INFO - Marking task as SUCCESS. dag_id=ecom_etl, task_id=transform_load_postgres, run_id=manual__2025-09-24T21:22:14.477908+00:00, execution_date=20250924T212214, start_date=20250924T212825, end_date=20250924T212855
[2025-09-24T21:28:55.443+0000] {local_task_job_runner.py:240} INFO - Task exited with return code 0
[2025-09-24T21:28:55.458+0000] {taskinstance.py:3503} INFO - 1 downstream tasks scheduled from follow-on schedule check
[2025-09-24T21:28:55.465+0000] {local_task_job_runner.py:222} INFO - ::endgroup::
