[2025-09-28T14:10:32.029+0000] {local_task_job_runner.py:120} INFO - ::group::Pre task execution logs
[2025-09-28T14:10:32.048+0000] {taskinstance.py:2076} INFO - Dependencies all met for dep_context=non-requeueable deps ti=<TaskInstance: ecom_etl.transform_load_postgres manual__2025-09-28T14:09:55.272543+00:00 [queued]>
[2025-09-28T14:10:32.054+0000] {taskinstance.py:2076} INFO - Dependencies all met for dep_context=requeueable deps ti=<TaskInstance: ecom_etl.transform_load_postgres manual__2025-09-28T14:09:55.272543+00:00 [queued]>
[2025-09-28T14:10:32.055+0000] {taskinstance.py:2306} INFO - Starting attempt 1 of 2
[2025-09-28T14:10:32.070+0000] {taskinstance.py:2330} INFO - Executing <Task(BashOperator): transform_load_postgres> on 2025-09-28 14:09:55.272543+00:00
[2025-09-28T14:10:32.074+0000] {standard_task_runner.py:63} INFO - Started process 226 to run task
[2025-09-28T14:10:32.077+0000] {standard_task_runner.py:90} INFO - Running: ['airflow', 'tasks', 'run', 'ecom_etl', 'transform_load_postgres', 'manual__2025-09-28T14:09:55.272543+00:00', '--job-id', '27', '--raw', '--subdir', 'DAGS_FOLDER/ecom_etl_dag.py', '--cfg-path', '/tmp/tmptgrwmhs7']
[2025-09-28T14:10:32.079+0000] {standard_task_runner.py:91} INFO - Job 27: Subtask transform_load_postgres
[2025-09-28T14:10:32.129+0000] {task_command.py:426} INFO - Running <TaskInstance: ecom_etl.transform_load_postgres manual__2025-09-28T14:09:55.272543+00:00 [running]> on host 868eef8f4f48
[2025-09-28T14:10:32.200+0000] {taskinstance.py:2648} INFO - Exporting env vars: AIRFLOW_CTX_DAG_OWNER='ecom' AIRFLOW_CTX_DAG_ID='ecom_etl' AIRFLOW_CTX_TASK_ID='transform_load_postgres' AIRFLOW_CTX_EXECUTION_DATE='2025-09-28T14:09:55.272543+00:00' AIRFLOW_CTX_TRY_NUMBER='1' AIRFLOW_CTX_DAG_RUN_ID='manual__2025-09-28T14:09:55.272543+00:00'
[2025-09-28T14:10:32.201+0000] {taskinstance.py:430} INFO - ::endgroup::
[2025-09-28T14:10:32.216+0000] {subprocess.py:63} INFO - Tmp dir root location: /tmp
[2025-09-28T14:10:32.217+0000] {subprocess.py:75} INFO - Running command: ['/usr/bin/bash', '-c', 'export PG_HOST=postgres PG_USER=ecom_user PG_PASS=ecom_pass PG_DB=ecom_dw PG_SCHEMA=ecom && export MONGO_HOST=mongo MONGO_USER=ecom_admin MONGO_PASS=ecom_admin_pass MONGO_DB=ecom && export DATA_DIR=/opt/airflow/data && python /opt/airflow/scripts/transform_load_postgres.py']
[2025-09-28T14:10:32.224+0000] {subprocess.py:86} INFO - Output:
[2025-09-28T14:11:19.233+0000] {subprocess.py:93} INFO - Reading from MongoDB ...
[2025-09-28T14:11:19.234+0000] {subprocess.py:93} INFO - Saved processed parquet files to /opt/airflow/data/processed
[2025-09-28T14:11:19.235+0000] {subprocess.py:93} INFO - Transform & Load (enriched) complete.
[2025-09-28T14:11:20.124+0000] {subprocess.py:97} INFO - Command exited with return code 0
[2025-09-28T14:11:20.125+0000] {taskinstance.py:441} INFO - ::group::Post task execution logs
[2025-09-28T14:11:20.145+0000] {taskinstance.py:1206} INFO - Marking task as SUCCESS. dag_id=ecom_etl, task_id=transform_load_postgres, run_id=manual__2025-09-28T14:09:55.272543+00:00, execution_date=20250928T140955, start_date=20250928T141032, end_date=20250928T141120
[2025-09-28T14:11:20.187+0000] {local_task_job_runner.py:240} INFO - Task exited with return code 0
[2025-09-28T14:11:20.205+0000] {taskinstance.py:3503} INFO - 1 downstream tasks scheduled from follow-on schedule check
[2025-09-28T14:11:20.216+0000] {local_task_job_runner.py:222} INFO - ::endgroup::
