[2025-09-24T21:01:07.934+0000] {processor.py:161} INFO - Started process (PID=51) to work on /opt/airflow/dags/ecom_etl_dag.py
[2025-09-24T21:01:07.936+0000] {processor.py:830} INFO - Processing file /opt/airflow/dags/ecom_etl_dag.py for tasks to queue
[2025-09-24T21:01:07.941+0000] {logging_mixin.py:188} INFO - [2025-09-24T21:01:07.940+0000] {dagbag.py:545} INFO - Filling up the DagBag from /opt/airflow/dags/ecom_etl_dag.py
[2025-09-24T21:01:07.998+0000] {processor.py:840} INFO - DAG(s) 'ecom_etl' retrieved from /opt/airflow/dags/ecom_etl_dag.py
[2025-09-24T21:01:08.482+0000] {logging_mixin.py:188} INFO - [2025-09-24T21:01:08.482+0000] {dag.py:3096} INFO - Sync 1 DAGs
[2025-09-24T21:01:08.528+0000] {logging_mixin.py:188} INFO - [2025-09-24T21:01:08.527+0000] {dag.py:3954} INFO - Setting next_dagrun for ecom_etl to 2025-09-23 02:30:00+00:00, run_after=2025-09-24 02:30:00+00:00
[2025-09-24T21:01:08.569+0000] {processor.py:183} INFO - Processing /opt/airflow/dags/ecom_etl_dag.py took 0.645 seconds
[2025-09-24T21:01:39.036+0000] {processor.py:161} INFO - Started process (PID=52) to work on /opt/airflow/dags/ecom_etl_dag.py
[2025-09-24T21:01:39.037+0000] {processor.py:830} INFO - Processing file /opt/airflow/dags/ecom_etl_dag.py for tasks to queue
[2025-09-24T21:01:39.040+0000] {logging_mixin.py:188} INFO - [2025-09-24T21:01:39.039+0000] {dagbag.py:545} INFO - Filling up the DagBag from /opt/airflow/dags/ecom_etl_dag.py
[2025-09-24T21:01:39.064+0000] {processor.py:840} INFO - DAG(s) 'ecom_etl' retrieved from /opt/airflow/dags/ecom_etl_dag.py
[2025-09-24T21:01:39.100+0000] {logging_mixin.py:188} INFO - [2025-09-24T21:01:39.100+0000] {dag.py:3096} INFO - Sync 1 DAGs
[2025-09-24T21:01:39.125+0000] {logging_mixin.py:188} INFO - [2025-09-24T21:01:39.124+0000] {dag.py:3954} INFO - Setting next_dagrun for ecom_etl to 2025-09-23 02:30:00+00:00, run_after=2025-09-24 02:30:00+00:00
[2025-09-24T21:01:39.153+0000] {processor.py:183} INFO - Processing /opt/airflow/dags/ecom_etl_dag.py took 0.125 seconds
[2025-09-24T21:02:09.289+0000] {processor.py:161} INFO - Started process (PID=53) to work on /opt/airflow/dags/ecom_etl_dag.py
[2025-09-24T21:02:09.290+0000] {processor.py:830} INFO - Processing file /opt/airflow/dags/ecom_etl_dag.py for tasks to queue
[2025-09-24T21:02:09.293+0000] {logging_mixin.py:188} INFO - [2025-09-24T21:02:09.293+0000] {dagbag.py:545} INFO - Filling up the DagBag from /opt/airflow/dags/ecom_etl_dag.py
[2025-09-24T21:02:09.321+0000] {processor.py:840} INFO - DAG(s) 'ecom_etl' retrieved from /opt/airflow/dags/ecom_etl_dag.py
[2025-09-24T21:02:09.350+0000] {logging_mixin.py:188} INFO - [2025-09-24T21:02:09.349+0000] {dag.py:3096} INFO - Sync 1 DAGs
[2025-09-24T21:02:09.375+0000] {logging_mixin.py:188} INFO - [2025-09-24T21:02:09.374+0000] {dag.py:3954} INFO - Setting next_dagrun for ecom_etl to 2025-09-23 02:30:00+00:00, run_after=2025-09-24 02:30:00+00:00
[2025-09-24T21:02:09.407+0000] {processor.py:183} INFO - Processing /opt/airflow/dags/ecom_etl_dag.py took 0.125 seconds
[2025-09-24T21:02:40.235+0000] {processor.py:161} INFO - Started process (PID=83) to work on /opt/airflow/dags/ecom_etl_dag.py
[2025-09-24T21:02:40.237+0000] {processor.py:830} INFO - Processing file /opt/airflow/dags/ecom_etl_dag.py for tasks to queue
[2025-09-24T21:02:40.241+0000] {logging_mixin.py:188} INFO - [2025-09-24T21:02:40.240+0000] {dagbag.py:545} INFO - Filling up the DagBag from /opt/airflow/dags/ecom_etl_dag.py
[2025-09-24T21:02:40.282+0000] {processor.py:840} INFO - DAG(s) 'ecom_etl' retrieved from /opt/airflow/dags/ecom_etl_dag.py
[2025-09-24T21:02:40.328+0000] {logging_mixin.py:188} INFO - [2025-09-24T21:02:40.328+0000] {dag.py:3096} INFO - Sync 1 DAGs
[2025-09-24T21:02:40.370+0000] {logging_mixin.py:188} INFO - [2025-09-24T21:02:40.370+0000] {dag.py:3954} INFO - Setting next_dagrun for ecom_etl to 2025-09-24 02:30:00+00:00, run_after=2025-09-25 02:30:00+00:00
[2025-09-24T21:02:40.401+0000] {processor.py:183} INFO - Processing /opt/airflow/dags/ecom_etl_dag.py took 0.179 seconds
[2025-09-24T21:03:11.404+0000] {processor.py:161} INFO - Started process (PID=84) to work on /opt/airflow/dags/ecom_etl_dag.py
[2025-09-24T21:03:11.405+0000] {processor.py:830} INFO - Processing file /opt/airflow/dags/ecom_etl_dag.py for tasks to queue
[2025-09-24T21:03:11.408+0000] {logging_mixin.py:188} INFO - [2025-09-24T21:03:11.408+0000] {dagbag.py:545} INFO - Filling up the DagBag from /opt/airflow/dags/ecom_etl_dag.py
[2025-09-24T21:03:11.434+0000] {processor.py:840} INFO - DAG(s) 'ecom_etl' retrieved from /opt/airflow/dags/ecom_etl_dag.py
[2025-09-24T21:03:11.467+0000] {logging_mixin.py:188} INFO - [2025-09-24T21:03:11.467+0000] {dag.py:3096} INFO - Sync 1 DAGs
[2025-09-24T21:03:11.494+0000] {logging_mixin.py:188} INFO - [2025-09-24T21:03:11.494+0000] {dag.py:3954} INFO - Setting next_dagrun for ecom_etl to 2025-09-24 02:30:00+00:00, run_after=2025-09-25 02:30:00+00:00
[2025-09-24T21:03:11.524+0000] {processor.py:183} INFO - Processing /opt/airflow/dags/ecom_etl_dag.py took 0.127 seconds
[2025-09-24T21:03:42.712+0000] {processor.py:161} INFO - Started process (PID=85) to work on /opt/airflow/dags/ecom_etl_dag.py
[2025-09-24T21:03:42.713+0000] {processor.py:830} INFO - Processing file /opt/airflow/dags/ecom_etl_dag.py for tasks to queue
[2025-09-24T21:03:42.716+0000] {logging_mixin.py:188} INFO - [2025-09-24T21:03:42.716+0000] {dagbag.py:545} INFO - Filling up the DagBag from /opt/airflow/dags/ecom_etl_dag.py
[2025-09-24T21:03:42.745+0000] {processor.py:840} INFO - DAG(s) 'ecom_etl' retrieved from /opt/airflow/dags/ecom_etl_dag.py
[2025-09-24T21:03:42.785+0000] {logging_mixin.py:188} INFO - [2025-09-24T21:03:42.784+0000] {dag.py:3096} INFO - Sync 1 DAGs
[2025-09-24T21:03:42.827+0000] {logging_mixin.py:188} INFO - [2025-09-24T21:03:42.826+0000] {dag.py:3954} INFO - Setting next_dagrun for ecom_etl to 2025-09-24 02:30:00+00:00, run_after=2025-09-25 02:30:00+00:00
[2025-09-24T21:03:42.871+0000] {processor.py:183} INFO - Processing /opt/airflow/dags/ecom_etl_dag.py took 0.167 seconds
[2025-09-24T21:04:13.344+0000] {processor.py:161} INFO - Started process (PID=86) to work on /opt/airflow/dags/ecom_etl_dag.py
[2025-09-24T21:04:13.345+0000] {processor.py:830} INFO - Processing file /opt/airflow/dags/ecom_etl_dag.py for tasks to queue
[2025-09-24T21:04:13.347+0000] {logging_mixin.py:188} INFO - [2025-09-24T21:04:13.346+0000] {dagbag.py:545} INFO - Filling up the DagBag from /opt/airflow/dags/ecom_etl_dag.py
[2025-09-24T21:04:13.369+0000] {processor.py:840} INFO - DAG(s) 'ecom_etl' retrieved from /opt/airflow/dags/ecom_etl_dag.py
[2025-09-24T21:04:13.399+0000] {logging_mixin.py:188} INFO - [2025-09-24T21:04:13.398+0000] {dag.py:3096} INFO - Sync 1 DAGs
[2025-09-24T21:04:13.425+0000] {logging_mixin.py:188} INFO - [2025-09-24T21:04:13.425+0000] {dag.py:3954} INFO - Setting next_dagrun for ecom_etl to 2025-09-24 02:30:00+00:00, run_after=2025-09-25 02:30:00+00:00
[2025-09-24T21:04:13.455+0000] {processor.py:183} INFO - Processing /opt/airflow/dags/ecom_etl_dag.py took 0.117 seconds
[2025-09-24T21:04:43.851+0000] {processor.py:161} INFO - Started process (PID=87) to work on /opt/airflow/dags/ecom_etl_dag.py
[2025-09-24T21:04:43.853+0000] {processor.py:830} INFO - Processing file /opt/airflow/dags/ecom_etl_dag.py for tasks to queue
[2025-09-24T21:04:43.856+0000] {logging_mixin.py:188} INFO - [2025-09-24T21:04:43.855+0000] {dagbag.py:545} INFO - Filling up the DagBag from /opt/airflow/dags/ecom_etl_dag.py
[2025-09-24T21:04:43.883+0000] {processor.py:840} INFO - DAG(s) 'ecom_etl' retrieved from /opt/airflow/dags/ecom_etl_dag.py
[2025-09-24T21:04:43.921+0000] {logging_mixin.py:188} INFO - [2025-09-24T21:04:43.921+0000] {dag.py:3096} INFO - Sync 1 DAGs
[2025-09-24T21:04:43.947+0000] {logging_mixin.py:188} INFO - [2025-09-24T21:04:43.947+0000] {dag.py:3954} INFO - Setting next_dagrun for ecom_etl to 2025-09-24 02:30:00+00:00, run_after=2025-09-25 02:30:00+00:00
[2025-09-24T21:04:43.979+0000] {processor.py:183} INFO - Processing /opt/airflow/dags/ecom_etl_dag.py took 0.135 seconds
[2025-09-24T21:05:14.361+0000] {processor.py:161} INFO - Started process (PID=88) to work on /opt/airflow/dags/ecom_etl_dag.py
[2025-09-24T21:05:14.362+0000] {processor.py:830} INFO - Processing file /opt/airflow/dags/ecom_etl_dag.py for tasks to queue
[2025-09-24T21:05:14.365+0000] {logging_mixin.py:188} INFO - [2025-09-24T21:05:14.364+0000] {dagbag.py:545} INFO - Filling up the DagBag from /opt/airflow/dags/ecom_etl_dag.py
[2025-09-24T21:05:14.388+0000] {processor.py:840} INFO - DAG(s) 'ecom_etl' retrieved from /opt/airflow/dags/ecom_etl_dag.py
[2025-09-24T21:05:14.417+0000] {logging_mixin.py:188} INFO - [2025-09-24T21:05:14.417+0000] {dag.py:3096} INFO - Sync 1 DAGs
[2025-09-24T21:05:14.442+0000] {logging_mixin.py:188} INFO - [2025-09-24T21:05:14.442+0000] {dag.py:3954} INFO - Setting next_dagrun for ecom_etl to 2025-09-24 02:30:00+00:00, run_after=2025-09-25 02:30:00+00:00
[2025-09-24T21:05:14.469+0000] {processor.py:183} INFO - Processing /opt/airflow/dags/ecom_etl_dag.py took 0.113 seconds
[2025-09-24T21:05:45.436+0000] {processor.py:161} INFO - Started process (PID=118) to work on /opt/airflow/dags/ecom_etl_dag.py
[2025-09-24T21:05:45.437+0000] {processor.py:830} INFO - Processing file /opt/airflow/dags/ecom_etl_dag.py for tasks to queue
[2025-09-24T21:05:45.439+0000] {logging_mixin.py:188} INFO - [2025-09-24T21:05:45.439+0000] {dagbag.py:545} INFO - Filling up the DagBag from /opt/airflow/dags/ecom_etl_dag.py
[2025-09-24T21:05:45.464+0000] {processor.py:840} INFO - DAG(s) 'ecom_etl' retrieved from /opt/airflow/dags/ecom_etl_dag.py
[2025-09-24T21:05:45.494+0000] {logging_mixin.py:188} INFO - [2025-09-24T21:05:45.494+0000] {dag.py:3096} INFO - Sync 1 DAGs
[2025-09-24T21:05:45.519+0000] {logging_mixin.py:188} INFO - [2025-09-24T21:05:45.519+0000] {dag.py:3954} INFO - Setting next_dagrun for ecom_etl to 2025-09-24 02:30:00+00:00, run_after=2025-09-25 02:30:00+00:00
[2025-09-24T21:05:45.544+0000] {processor.py:183} INFO - Processing /opt/airflow/dags/ecom_etl_dag.py took 0.117 seconds
[2025-09-24T21:06:15.808+0000] {processor.py:161} INFO - Started process (PID=119) to work on /opt/airflow/dags/ecom_etl_dag.py
[2025-09-24T21:06:15.809+0000] {processor.py:830} INFO - Processing file /opt/airflow/dags/ecom_etl_dag.py for tasks to queue
[2025-09-24T21:06:15.812+0000] {logging_mixin.py:188} INFO - [2025-09-24T21:06:15.811+0000] {dagbag.py:545} INFO - Filling up the DagBag from /opt/airflow/dags/ecom_etl_dag.py
[2025-09-24T21:06:15.836+0000] {processor.py:840} INFO - DAG(s) 'ecom_etl' retrieved from /opt/airflow/dags/ecom_etl_dag.py
[2025-09-24T21:06:15.866+0000] {logging_mixin.py:188} INFO - [2025-09-24T21:06:15.866+0000] {dag.py:3096} INFO - Sync 1 DAGs
[2025-09-24T21:06:15.891+0000] {logging_mixin.py:188} INFO - [2025-09-24T21:06:15.891+0000] {dag.py:3954} INFO - Setting next_dagrun for ecom_etl to 2025-09-24 02:30:00+00:00, run_after=2025-09-25 02:30:00+00:00
[2025-09-24T21:06:15.917+0000] {processor.py:183} INFO - Processing /opt/airflow/dags/ecom_etl_dag.py took 0.117 seconds
[2025-09-24T21:06:46.209+0000] {processor.py:161} INFO - Started process (PID=120) to work on /opt/airflow/dags/ecom_etl_dag.py
[2025-09-24T21:06:46.211+0000] {processor.py:830} INFO - Processing file /opt/airflow/dags/ecom_etl_dag.py for tasks to queue
[2025-09-24T21:06:46.214+0000] {logging_mixin.py:188} INFO - [2025-09-24T21:06:46.213+0000] {dagbag.py:545} INFO - Filling up the DagBag from /opt/airflow/dags/ecom_etl_dag.py
[2025-09-24T21:06:46.241+0000] {processor.py:840} INFO - DAG(s) 'ecom_etl' retrieved from /opt/airflow/dags/ecom_etl_dag.py
[2025-09-24T21:06:46.274+0000] {logging_mixin.py:188} INFO - [2025-09-24T21:06:46.274+0000] {dag.py:3096} INFO - Sync 1 DAGs
[2025-09-24T21:06:46.302+0000] {logging_mixin.py:188} INFO - [2025-09-24T21:06:46.302+0000] {dag.py:3954} INFO - Setting next_dagrun for ecom_etl to 2025-09-24 02:30:00+00:00, run_after=2025-09-25 02:30:00+00:00
[2025-09-24T21:06:46.334+0000] {processor.py:183} INFO - Processing /opt/airflow/dags/ecom_etl_dag.py took 0.134 seconds
[2025-09-24T21:07:16.567+0000] {processor.py:161} INFO - Started process (PID=121) to work on /opt/airflow/dags/ecom_etl_dag.py
[2025-09-24T21:07:16.569+0000] {processor.py:830} INFO - Processing file /opt/airflow/dags/ecom_etl_dag.py for tasks to queue
[2025-09-24T21:07:16.572+0000] {logging_mixin.py:188} INFO - [2025-09-24T21:07:16.571+0000] {dagbag.py:545} INFO - Filling up the DagBag from /opt/airflow/dags/ecom_etl_dag.py
[2025-09-24T21:07:16.600+0000] {processor.py:840} INFO - DAG(s) 'ecom_etl' retrieved from /opt/airflow/dags/ecom_etl_dag.py
[2025-09-24T21:07:16.637+0000] {logging_mixin.py:188} INFO - [2025-09-24T21:07:16.637+0000] {dag.py:3096} INFO - Sync 1 DAGs
[2025-09-24T21:07:16.667+0000] {logging_mixin.py:188} INFO - [2025-09-24T21:07:16.667+0000] {dag.py:3954} INFO - Setting next_dagrun for ecom_etl to 2025-09-24 02:30:00+00:00, run_after=2025-09-25 02:30:00+00:00
[2025-09-24T21:07:16.697+0000] {processor.py:183} INFO - Processing /opt/airflow/dags/ecom_etl_dag.py took 0.139 seconds
[2025-09-24T21:07:49.370+0000] {processor.py:161} INFO - Started process (PID=209) to work on /opt/airflow/dags/ecom_etl_dag.py
[2025-09-24T21:07:49.372+0000] {processor.py:830} INFO - Processing file /opt/airflow/dags/ecom_etl_dag.py for tasks to queue
[2025-09-24T21:07:49.375+0000] {logging_mixin.py:188} INFO - [2025-09-24T21:07:49.374+0000] {dagbag.py:545} INFO - Filling up the DagBag from /opt/airflow/dags/ecom_etl_dag.py
[2025-09-24T21:07:49.401+0000] {processor.py:840} INFO - DAG(s) 'ecom_etl' retrieved from /opt/airflow/dags/ecom_etl_dag.py
[2025-09-24T21:07:49.432+0000] {logging_mixin.py:188} INFO - [2025-09-24T21:07:49.432+0000] {dag.py:3096} INFO - Sync 1 DAGs
[2025-09-24T21:07:49.460+0000] {logging_mixin.py:188} INFO - [2025-09-24T21:07:49.460+0000] {dag.py:3954} INFO - Setting next_dagrun for ecom_etl to 2025-09-24 02:30:00+00:00, run_after=2025-09-25 02:30:00+00:00
[2025-09-24T21:07:49.488+0000] {processor.py:183} INFO - Processing /opt/airflow/dags/ecom_etl_dag.py took 0.127 seconds
[2025-09-24T21:08:19.669+0000] {processor.py:161} INFO - Started process (PID=210) to work on /opt/airflow/dags/ecom_etl_dag.py
[2025-09-24T21:08:19.671+0000] {processor.py:830} INFO - Processing file /opt/airflow/dags/ecom_etl_dag.py for tasks to queue
[2025-09-24T21:08:19.674+0000] {logging_mixin.py:188} INFO - [2025-09-24T21:08:19.673+0000] {dagbag.py:545} INFO - Filling up the DagBag from /opt/airflow/dags/ecom_etl_dag.py
[2025-09-24T21:08:19.696+0000] {processor.py:840} INFO - DAG(s) 'ecom_etl' retrieved from /opt/airflow/dags/ecom_etl_dag.py
[2025-09-24T21:08:19.721+0000] {logging_mixin.py:188} INFO - [2025-09-24T21:08:19.721+0000] {dag.py:3096} INFO - Sync 1 DAGs
[2025-09-24T21:08:19.743+0000] {logging_mixin.py:188} INFO - [2025-09-24T21:08:19.743+0000] {dag.py:3954} INFO - Setting next_dagrun for ecom_etl to 2025-09-24 02:30:00+00:00, run_after=2025-09-25 02:30:00+00:00
[2025-09-24T21:08:19.766+0000] {processor.py:183} INFO - Processing /opt/airflow/dags/ecom_etl_dag.py took 0.105 seconds
[2025-09-24T21:08:50.286+0000] {processor.py:161} INFO - Started process (PID=211) to work on /opt/airflow/dags/ecom_etl_dag.py
[2025-09-24T21:08:50.288+0000] {processor.py:830} INFO - Processing file /opt/airflow/dags/ecom_etl_dag.py for tasks to queue
[2025-09-24T21:08:50.293+0000] {logging_mixin.py:188} INFO - [2025-09-24T21:08:50.293+0000] {dagbag.py:545} INFO - Filling up the DagBag from /opt/airflow/dags/ecom_etl_dag.py
[2025-09-24T21:08:50.332+0000] {processor.py:840} INFO - DAG(s) 'ecom_etl' retrieved from /opt/airflow/dags/ecom_etl_dag.py
[2025-09-24T21:08:50.384+0000] {logging_mixin.py:188} INFO - [2025-09-24T21:08:50.384+0000] {dag.py:3096} INFO - Sync 1 DAGs
[2025-09-24T21:08:50.421+0000] {logging_mixin.py:188} INFO - [2025-09-24T21:08:50.421+0000] {dag.py:3954} INFO - Setting next_dagrun for ecom_etl to 2025-09-24 02:30:00+00:00, run_after=2025-09-25 02:30:00+00:00
[2025-09-24T21:08:50.472+0000] {processor.py:183} INFO - Processing /opt/airflow/dags/ecom_etl_dag.py took 0.200 seconds
[2025-09-24T21:09:20.920+0000] {processor.py:161} INFO - Started process (PID=212) to work on /opt/airflow/dags/ecom_etl_dag.py
[2025-09-24T21:09:20.921+0000] {processor.py:830} INFO - Processing file /opt/airflow/dags/ecom_etl_dag.py for tasks to queue
[2025-09-24T21:09:20.924+0000] {logging_mixin.py:188} INFO - [2025-09-24T21:09:20.924+0000] {dagbag.py:545} INFO - Filling up the DagBag from /opt/airflow/dags/ecom_etl_dag.py
[2025-09-24T21:09:20.948+0000] {processor.py:840} INFO - DAG(s) 'ecom_etl' retrieved from /opt/airflow/dags/ecom_etl_dag.py
[2025-09-24T21:09:20.980+0000] {logging_mixin.py:188} INFO - [2025-09-24T21:09:20.980+0000] {dag.py:3096} INFO - Sync 1 DAGs
[2025-09-24T21:09:21.008+0000] {logging_mixin.py:188} INFO - [2025-09-24T21:09:21.007+0000] {dag.py:3954} INFO - Setting next_dagrun for ecom_etl to 2025-09-24 02:30:00+00:00, run_after=2025-09-25 02:30:00+00:00
[2025-09-24T21:09:21.036+0000] {processor.py:183} INFO - Processing /opt/airflow/dags/ecom_etl_dag.py took 0.123 seconds
[2025-09-24T21:09:51.497+0000] {processor.py:161} INFO - Started process (PID=213) to work on /opt/airflow/dags/ecom_etl_dag.py
[2025-09-24T21:09:51.498+0000] {processor.py:830} INFO - Processing file /opt/airflow/dags/ecom_etl_dag.py for tasks to queue
[2025-09-24T21:09:51.501+0000] {logging_mixin.py:188} INFO - [2025-09-24T21:09:51.500+0000] {dagbag.py:545} INFO - Filling up the DagBag from /opt/airflow/dags/ecom_etl_dag.py
[2025-09-24T21:09:51.526+0000] {processor.py:840} INFO - DAG(s) 'ecom_etl' retrieved from /opt/airflow/dags/ecom_etl_dag.py
[2025-09-24T21:09:51.556+0000] {logging_mixin.py:188} INFO - [2025-09-24T21:09:51.555+0000] {dag.py:3096} INFO - Sync 1 DAGs
[2025-09-24T21:09:51.581+0000] {logging_mixin.py:188} INFO - [2025-09-24T21:09:51.581+0000] {dag.py:3954} INFO - Setting next_dagrun for ecom_etl to 2025-09-24 02:30:00+00:00, run_after=2025-09-25 02:30:00+00:00
[2025-09-24T21:09:51.609+0000] {processor.py:183} INFO - Processing /opt/airflow/dags/ecom_etl_dag.py took 0.120 seconds
[2025-09-24T21:10:22.070+0000] {processor.py:161} INFO - Started process (PID=214) to work on /opt/airflow/dags/ecom_etl_dag.py
[2025-09-24T21:10:22.071+0000] {processor.py:830} INFO - Processing file /opt/airflow/dags/ecom_etl_dag.py for tasks to queue
[2025-09-24T21:10:22.074+0000] {logging_mixin.py:188} INFO - [2025-09-24T21:10:22.074+0000] {dagbag.py:545} INFO - Filling up the DagBag from /opt/airflow/dags/ecom_etl_dag.py
[2025-09-24T21:10:22.100+0000] {processor.py:840} INFO - DAG(s) 'ecom_etl' retrieved from /opt/airflow/dags/ecom_etl_dag.py
[2025-09-24T21:10:22.134+0000] {logging_mixin.py:188} INFO - [2025-09-24T21:10:22.133+0000] {dag.py:3096} INFO - Sync 1 DAGs
[2025-09-24T21:10:22.161+0000] {logging_mixin.py:188} INFO - [2025-09-24T21:10:22.161+0000] {dag.py:3954} INFO - Setting next_dagrun for ecom_etl to 2025-09-24 02:30:00+00:00, run_after=2025-09-25 02:30:00+00:00
[2025-09-24T21:10:22.189+0000] {processor.py:183} INFO - Processing /opt/airflow/dags/ecom_etl_dag.py took 0.127 seconds
[2025-09-24T21:10:52.426+0000] {processor.py:161} INFO - Started process (PID=244) to work on /opt/airflow/dags/ecom_etl_dag.py
[2025-09-24T21:10:52.427+0000] {processor.py:830} INFO - Processing file /opt/airflow/dags/ecom_etl_dag.py for tasks to queue
[2025-09-24T21:10:52.429+0000] {logging_mixin.py:188} INFO - [2025-09-24T21:10:52.429+0000] {dagbag.py:545} INFO - Filling up the DagBag from /opt/airflow/dags/ecom_etl_dag.py
[2025-09-24T21:10:52.457+0000] {processor.py:840} INFO - DAG(s) 'ecom_etl' retrieved from /opt/airflow/dags/ecom_etl_dag.py
[2025-09-24T21:10:52.491+0000] {logging_mixin.py:188} INFO - [2025-09-24T21:10:52.491+0000] {dag.py:3096} INFO - Sync 1 DAGs
[2025-09-24T21:10:52.518+0000] {logging_mixin.py:188} INFO - [2025-09-24T21:10:52.518+0000] {dag.py:3954} INFO - Setting next_dagrun for ecom_etl to 2025-09-24 02:30:00+00:00, run_after=2025-09-25 02:30:00+00:00
[2025-09-24T21:10:52.552+0000] {processor.py:183} INFO - Processing /opt/airflow/dags/ecom_etl_dag.py took 0.134 seconds
[2025-09-24T21:11:23.235+0000] {processor.py:161} INFO - Started process (PID=245) to work on /opt/airflow/dags/ecom_etl_dag.py
[2025-09-24T21:11:23.237+0000] {processor.py:830} INFO - Processing file /opt/airflow/dags/ecom_etl_dag.py for tasks to queue
[2025-09-24T21:11:23.243+0000] {logging_mixin.py:188} INFO - [2025-09-24T21:11:23.242+0000] {dagbag.py:545} INFO - Filling up the DagBag from /opt/airflow/dags/ecom_etl_dag.py
[2025-09-24T21:11:23.275+0000] {processor.py:840} INFO - DAG(s) 'ecom_etl' retrieved from /opt/airflow/dags/ecom_etl_dag.py
[2025-09-24T21:11:23.316+0000] {logging_mixin.py:188} INFO - [2025-09-24T21:11:23.316+0000] {dag.py:3096} INFO - Sync 1 DAGs
[2025-09-24T21:11:23.347+0000] {logging_mixin.py:188} INFO - [2025-09-24T21:11:23.346+0000] {dag.py:3954} INFO - Setting next_dagrun for ecom_etl to 2025-09-24 02:30:00+00:00, run_after=2025-09-25 02:30:00+00:00
[2025-09-24T21:11:23.382+0000] {processor.py:183} INFO - Processing /opt/airflow/dags/ecom_etl_dag.py took 0.158 seconds
[2025-09-24T21:11:53.769+0000] {processor.py:161} INFO - Started process (PID=246) to work on /opt/airflow/dags/ecom_etl_dag.py
[2025-09-24T21:11:53.770+0000] {processor.py:830} INFO - Processing file /opt/airflow/dags/ecom_etl_dag.py for tasks to queue
[2025-09-24T21:11:53.772+0000] {logging_mixin.py:188} INFO - [2025-09-24T21:11:53.772+0000] {dagbag.py:545} INFO - Filling up the DagBag from /opt/airflow/dags/ecom_etl_dag.py
[2025-09-24T21:11:53.793+0000] {processor.py:840} INFO - DAG(s) 'ecom_etl' retrieved from /opt/airflow/dags/ecom_etl_dag.py
[2025-09-24T21:11:53.821+0000] {logging_mixin.py:188} INFO - [2025-09-24T21:11:53.821+0000] {dag.py:3096} INFO - Sync 1 DAGs
[2025-09-24T21:11:53.844+0000] {logging_mixin.py:188} INFO - [2025-09-24T21:11:53.844+0000] {dag.py:3954} INFO - Setting next_dagrun for ecom_etl to 2025-09-24 02:30:00+00:00, run_after=2025-09-25 02:30:00+00:00
[2025-09-24T21:11:53.870+0000] {processor.py:183} INFO - Processing /opt/airflow/dags/ecom_etl_dag.py took 0.107 seconds
[2025-09-24T21:12:24.309+0000] {processor.py:161} INFO - Started process (PID=247) to work on /opt/airflow/dags/ecom_etl_dag.py
[2025-09-24T21:12:24.310+0000] {processor.py:830} INFO - Processing file /opt/airflow/dags/ecom_etl_dag.py for tasks to queue
[2025-09-24T21:12:24.311+0000] {logging_mixin.py:188} INFO - [2025-09-24T21:12:24.311+0000] {dagbag.py:545} INFO - Filling up the DagBag from /opt/airflow/dags/ecom_etl_dag.py
[2025-09-24T21:12:24.331+0000] {processor.py:840} INFO - DAG(s) 'ecom_etl' retrieved from /opt/airflow/dags/ecom_etl_dag.py
[2025-09-24T21:12:24.357+0000] {logging_mixin.py:188} INFO - [2025-09-24T21:12:24.356+0000] {dag.py:3096} INFO - Sync 1 DAGs
[2025-09-24T21:12:24.378+0000] {logging_mixin.py:188} INFO - [2025-09-24T21:12:24.378+0000] {dag.py:3954} INFO - Setting next_dagrun for ecom_etl to 2025-09-24 02:30:00+00:00, run_after=2025-09-25 02:30:00+00:00
[2025-09-24T21:12:24.401+0000] {processor.py:183} INFO - Processing /opt/airflow/dags/ecom_etl_dag.py took 0.097 seconds
[2025-09-24T21:12:55.283+0000] {processor.py:161} INFO - Started process (PID=306) to work on /opt/airflow/dags/ecom_etl_dag.py
[2025-09-24T21:12:55.284+0000] {processor.py:830} INFO - Processing file /opt/airflow/dags/ecom_etl_dag.py for tasks to queue
[2025-09-24T21:12:55.286+0000] {logging_mixin.py:188} INFO - [2025-09-24T21:12:55.286+0000] {dagbag.py:545} INFO - Filling up the DagBag from /opt/airflow/dags/ecom_etl_dag.py
[2025-09-24T21:12:55.339+0000] {processor.py:840} INFO - DAG(s) 'ecom_etl' retrieved from /opt/airflow/dags/ecom_etl_dag.py
[2025-09-24T21:12:55.366+0000] {logging_mixin.py:188} INFO - [2025-09-24T21:12:55.366+0000] {dag.py:3096} INFO - Sync 1 DAGs
[2025-09-24T21:12:55.386+0000] {logging_mixin.py:188} INFO - [2025-09-24T21:12:55.385+0000] {dag.py:3954} INFO - Setting next_dagrun for ecom_etl to 2025-09-24 02:30:00+00:00, run_after=2025-09-25 02:30:00+00:00
[2025-09-24T21:12:55.408+0000] {processor.py:183} INFO - Processing /opt/airflow/dags/ecom_etl_dag.py took 0.131 seconds
[2025-09-24T21:13:26.495+0000] {processor.py:161} INFO - Started process (PID=307) to work on /opt/airflow/dags/ecom_etl_dag.py
[2025-09-24T21:13:26.496+0000] {processor.py:830} INFO - Processing file /opt/airflow/dags/ecom_etl_dag.py for tasks to queue
[2025-09-24T21:13:26.498+0000] {logging_mixin.py:188} INFO - [2025-09-24T21:13:26.497+0000] {dagbag.py:545} INFO - Filling up the DagBag from /opt/airflow/dags/ecom_etl_dag.py
[2025-09-24T21:13:26.518+0000] {processor.py:840} INFO - DAG(s) 'ecom_etl' retrieved from /opt/airflow/dags/ecom_etl_dag.py
[2025-09-24T21:13:26.541+0000] {logging_mixin.py:188} INFO - [2025-09-24T21:13:26.541+0000] {dag.py:3096} INFO - Sync 1 DAGs
[2025-09-24T21:13:26.561+0000] {logging_mixin.py:188} INFO - [2025-09-24T21:13:26.561+0000] {dag.py:3954} INFO - Setting next_dagrun for ecom_etl to 2025-09-24 02:30:00+00:00, run_after=2025-09-25 02:30:00+00:00
[2025-09-24T21:13:26.583+0000] {processor.py:183} INFO - Processing /opt/airflow/dags/ecom_etl_dag.py took 0.095 seconds
[2025-09-24T21:13:56.718+0000] {processor.py:161} INFO - Started process (PID=308) to work on /opt/airflow/dags/ecom_etl_dag.py
[2025-09-24T21:13:56.719+0000] {processor.py:830} INFO - Processing file /opt/airflow/dags/ecom_etl_dag.py for tasks to queue
[2025-09-24T21:13:56.721+0000] {logging_mixin.py:188} INFO - [2025-09-24T21:13:56.721+0000] {dagbag.py:545} INFO - Filling up the DagBag from /opt/airflow/dags/ecom_etl_dag.py
[2025-09-24T21:13:56.742+0000] {processor.py:840} INFO - DAG(s) 'ecom_etl' retrieved from /opt/airflow/dags/ecom_etl_dag.py
[2025-09-24T21:13:56.768+0000] {logging_mixin.py:188} INFO - [2025-09-24T21:13:56.767+0000] {dag.py:3096} INFO - Sync 1 DAGs
[2025-09-24T21:13:56.791+0000] {logging_mixin.py:188} INFO - [2025-09-24T21:13:56.790+0000] {dag.py:3954} INFO - Setting next_dagrun for ecom_etl to 2025-09-24 02:30:00+00:00, run_after=2025-09-25 02:30:00+00:00
[2025-09-24T21:13:56.818+0000] {processor.py:183} INFO - Processing /opt/airflow/dags/ecom_etl_dag.py took 0.105 seconds
[2025-09-24T21:14:26.934+0000] {processor.py:161} INFO - Started process (PID=309) to work on /opt/airflow/dags/ecom_etl_dag.py
[2025-09-24T21:14:26.935+0000] {processor.py:830} INFO - Processing file /opt/airflow/dags/ecom_etl_dag.py for tasks to queue
[2025-09-24T21:14:26.937+0000] {logging_mixin.py:188} INFO - [2025-09-24T21:14:26.937+0000] {dagbag.py:545} INFO - Filling up the DagBag from /opt/airflow/dags/ecom_etl_dag.py
[2025-09-24T21:14:26.956+0000] {processor.py:840} INFO - DAG(s) 'ecom_etl' retrieved from /opt/airflow/dags/ecom_etl_dag.py
[2025-09-24T21:14:26.982+0000] {logging_mixin.py:188} INFO - [2025-09-24T21:14:26.982+0000] {dag.py:3096} INFO - Sync 1 DAGs
[2025-09-24T21:14:27.005+0000] {logging_mixin.py:188} INFO - [2025-09-24T21:14:27.005+0000] {dag.py:3954} INFO - Setting next_dagrun for ecom_etl to 2025-09-24 02:30:00+00:00, run_after=2025-09-25 02:30:00+00:00
[2025-09-24T21:14:27.029+0000] {processor.py:183} INFO - Processing /opt/airflow/dags/ecom_etl_dag.py took 0.101 seconds
[2025-09-24T21:14:57.159+0000] {processor.py:161} INFO - Started process (PID=310) to work on /opt/airflow/dags/ecom_etl_dag.py
[2025-09-24T21:14:57.160+0000] {processor.py:830} INFO - Processing file /opt/airflow/dags/ecom_etl_dag.py for tasks to queue
[2025-09-24T21:14:57.161+0000] {logging_mixin.py:188} INFO - [2025-09-24T21:14:57.161+0000] {dagbag.py:545} INFO - Filling up the DagBag from /opt/airflow/dags/ecom_etl_dag.py
[2025-09-24T21:14:57.181+0000] {processor.py:840} INFO - DAG(s) 'ecom_etl' retrieved from /opt/airflow/dags/ecom_etl_dag.py
[2025-09-24T21:14:57.210+0000] {logging_mixin.py:188} INFO - [2025-09-24T21:14:57.210+0000] {dag.py:3096} INFO - Sync 1 DAGs
[2025-09-24T21:14:57.233+0000] {logging_mixin.py:188} INFO - [2025-09-24T21:14:57.232+0000] {dag.py:3954} INFO - Setting next_dagrun for ecom_etl to 2025-09-24 02:30:00+00:00, run_after=2025-09-25 02:30:00+00:00
[2025-09-24T21:14:57.255+0000] {processor.py:183} INFO - Processing /opt/airflow/dags/ecom_etl_dag.py took 0.102 seconds
[2025-09-24T21:15:28.316+0000] {processor.py:161} INFO - Started process (PID=340) to work on /opt/airflow/dags/ecom_etl_dag.py
[2025-09-24T21:15:28.317+0000] {processor.py:830} INFO - Processing file /opt/airflow/dags/ecom_etl_dag.py for tasks to queue
[2025-09-24T21:15:28.319+0000] {logging_mixin.py:188} INFO - [2025-09-24T21:15:28.318+0000] {dagbag.py:545} INFO - Filling up the DagBag from /opt/airflow/dags/ecom_etl_dag.py
[2025-09-24T21:15:28.340+0000] {processor.py:840} INFO - DAG(s) 'ecom_etl' retrieved from /opt/airflow/dags/ecom_etl_dag.py
[2025-09-24T21:15:28.361+0000] {logging_mixin.py:188} INFO - [2025-09-24T21:15:28.361+0000] {dag.py:3096} INFO - Sync 1 DAGs
[2025-09-24T21:15:28.381+0000] {logging_mixin.py:188} INFO - [2025-09-24T21:15:28.381+0000] {dag.py:3954} INFO - Setting next_dagrun for ecom_etl to 2025-09-24 02:30:00+00:00, run_after=2025-09-25 02:30:00+00:00
[2025-09-24T21:15:28.403+0000] {processor.py:183} INFO - Processing /opt/airflow/dags/ecom_etl_dag.py took 0.092 seconds
[2025-09-24T21:15:59.507+0000] {processor.py:161} INFO - Started process (PID=399) to work on /opt/airflow/dags/ecom_etl_dag.py
[2025-09-24T21:15:59.508+0000] {processor.py:830} INFO - Processing file /opt/airflow/dags/ecom_etl_dag.py for tasks to queue
[2025-09-24T21:15:59.510+0000] {logging_mixin.py:188} INFO - [2025-09-24T21:15:59.509+0000] {dagbag.py:545} INFO - Filling up the DagBag from /opt/airflow/dags/ecom_etl_dag.py
[2025-09-24T21:15:59.532+0000] {processor.py:840} INFO - DAG(s) 'ecom_etl' retrieved from /opt/airflow/dags/ecom_etl_dag.py
[2025-09-24T21:15:59.558+0000] {logging_mixin.py:188} INFO - [2025-09-24T21:15:59.558+0000] {dag.py:3096} INFO - Sync 1 DAGs
[2025-09-24T21:15:59.581+0000] {logging_mixin.py:188} INFO - [2025-09-24T21:15:59.581+0000] {dag.py:3954} INFO - Setting next_dagrun for ecom_etl to 2025-09-24 02:30:00+00:00, run_after=2025-09-25 02:30:00+00:00
[2025-09-24T21:15:59.611+0000] {processor.py:183} INFO - Processing /opt/airflow/dags/ecom_etl_dag.py took 0.111 seconds
[2025-09-24T21:16:30.673+0000] {processor.py:161} INFO - Started process (PID=400) to work on /opt/airflow/dags/ecom_etl_dag.py
[2025-09-24T21:16:30.674+0000] {processor.py:830} INFO - Processing file /opt/airflow/dags/ecom_etl_dag.py for tasks to queue
[2025-09-24T21:16:30.676+0000] {logging_mixin.py:188} INFO - [2025-09-24T21:16:30.675+0000] {dagbag.py:545} INFO - Filling up the DagBag from /opt/airflow/dags/ecom_etl_dag.py
[2025-09-24T21:16:30.695+0000] {processor.py:840} INFO - DAG(s) 'ecom_etl' retrieved from /opt/airflow/dags/ecom_etl_dag.py
[2025-09-24T21:16:30.716+0000] {logging_mixin.py:188} INFO - [2025-09-24T21:16:30.716+0000] {dag.py:3096} INFO - Sync 1 DAGs
[2025-09-24T21:16:30.736+0000] {logging_mixin.py:188} INFO - [2025-09-24T21:16:30.735+0000] {dag.py:3954} INFO - Setting next_dagrun for ecom_etl to 2025-09-24 02:30:00+00:00, run_after=2025-09-25 02:30:00+00:00
[2025-09-24T21:16:30.758+0000] {processor.py:183} INFO - Processing /opt/airflow/dags/ecom_etl_dag.py took 0.091 seconds
[2025-09-24T21:17:01.283+0000] {processor.py:161} INFO - Started process (PID=401) to work on /opt/airflow/dags/ecom_etl_dag.py
[2025-09-24T21:17:01.284+0000] {processor.py:830} INFO - Processing file /opt/airflow/dags/ecom_etl_dag.py for tasks to queue
[2025-09-24T21:17:01.286+0000] {logging_mixin.py:188} INFO - [2025-09-24T21:17:01.285+0000] {dagbag.py:545} INFO - Filling up the DagBag from /opt/airflow/dags/ecom_etl_dag.py
[2025-09-24T21:17:01.308+0000] {processor.py:840} INFO - DAG(s) 'ecom_etl' retrieved from /opt/airflow/dags/ecom_etl_dag.py
[2025-09-24T21:17:01.337+0000] {logging_mixin.py:188} INFO - [2025-09-24T21:17:01.337+0000] {dag.py:3096} INFO - Sync 1 DAGs
[2025-09-24T21:17:01.369+0000] {logging_mixin.py:188} INFO - [2025-09-24T21:17:01.369+0000] {dag.py:3954} INFO - Setting next_dagrun for ecom_etl to 2025-09-24 02:30:00+00:00, run_after=2025-09-25 02:30:00+00:00
[2025-09-24T21:17:01.402+0000] {processor.py:183} INFO - Processing /opt/airflow/dags/ecom_etl_dag.py took 0.125 seconds
[2025-09-24T21:17:31.578+0000] {processor.py:161} INFO - Started process (PID=402) to work on /opt/airflow/dags/ecom_etl_dag.py
[2025-09-24T21:17:31.579+0000] {processor.py:830} INFO - Processing file /opt/airflow/dags/ecom_etl_dag.py for tasks to queue
[2025-09-24T21:17:31.581+0000] {logging_mixin.py:188} INFO - [2025-09-24T21:17:31.581+0000] {dagbag.py:545} INFO - Filling up the DagBag from /opt/airflow/dags/ecom_etl_dag.py
[2025-09-24T21:17:31.600+0000] {processor.py:840} INFO - DAG(s) 'ecom_etl' retrieved from /opt/airflow/dags/ecom_etl_dag.py
[2025-09-24T21:17:31.624+0000] {logging_mixin.py:188} INFO - [2025-09-24T21:17:31.623+0000] {dag.py:3096} INFO - Sync 1 DAGs
[2025-09-24T21:17:31.645+0000] {logging_mixin.py:188} INFO - [2025-09-24T21:17:31.645+0000] {dag.py:3954} INFO - Setting next_dagrun for ecom_etl to 2025-09-24 02:30:00+00:00, run_after=2025-09-25 02:30:00+00:00
[2025-09-24T21:17:31.670+0000] {processor.py:183} INFO - Processing /opt/airflow/dags/ecom_etl_dag.py took 0.097 seconds
[2025-09-24T21:18:01.872+0000] {processor.py:161} INFO - Started process (PID=403) to work on /opt/airflow/dags/ecom_etl_dag.py
[2025-09-24T21:18:01.873+0000] {processor.py:830} INFO - Processing file /opt/airflow/dags/ecom_etl_dag.py for tasks to queue
[2025-09-24T21:18:01.875+0000] {logging_mixin.py:188} INFO - [2025-09-24T21:18:01.874+0000] {dagbag.py:545} INFO - Filling up the DagBag from /opt/airflow/dags/ecom_etl_dag.py
[2025-09-24T21:18:01.894+0000] {processor.py:840} INFO - DAG(s) 'ecom_etl' retrieved from /opt/airflow/dags/ecom_etl_dag.py
[2025-09-24T21:18:01.920+0000] {logging_mixin.py:188} INFO - [2025-09-24T21:18:01.920+0000] {dag.py:3096} INFO - Sync 1 DAGs
[2025-09-24T21:18:01.944+0000] {logging_mixin.py:188} INFO - [2025-09-24T21:18:01.944+0000] {dag.py:3954} INFO - Setting next_dagrun for ecom_etl to 2025-09-24 02:30:00+00:00, run_after=2025-09-25 02:30:00+00:00
[2025-09-24T21:18:01.968+0000] {processor.py:183} INFO - Processing /opt/airflow/dags/ecom_etl_dag.py took 0.101 seconds
[2025-09-24T21:18:32.183+0000] {processor.py:161} INFO - Started process (PID=404) to work on /opt/airflow/dags/ecom_etl_dag.py
[2025-09-24T21:18:32.184+0000] {processor.py:830} INFO - Processing file /opt/airflow/dags/ecom_etl_dag.py for tasks to queue
[2025-09-24T21:18:32.187+0000] {logging_mixin.py:188} INFO - [2025-09-24T21:18:32.186+0000] {dagbag.py:545} INFO - Filling up the DagBag from /opt/airflow/dags/ecom_etl_dag.py
[2025-09-24T21:18:32.214+0000] {processor.py:840} INFO - DAG(s) 'ecom_etl' retrieved from /opt/airflow/dags/ecom_etl_dag.py
[2025-09-24T21:18:32.256+0000] {logging_mixin.py:188} INFO - [2025-09-24T21:18:32.256+0000] {dag.py:3096} INFO - Sync 1 DAGs
[2025-09-24T21:18:32.288+0000] {logging_mixin.py:188} INFO - [2025-09-24T21:18:32.287+0000] {dag.py:3954} INFO - Setting next_dagrun for ecom_etl to 2025-09-24 02:30:00+00:00, run_after=2025-09-25 02:30:00+00:00
[2025-09-24T21:18:32.318+0000] {processor.py:183} INFO - Processing /opt/airflow/dags/ecom_etl_dag.py took 0.143 seconds
[2025-09-24T21:19:02.433+0000] {processor.py:161} INFO - Started process (PID=405) to work on /opt/airflow/dags/ecom_etl_dag.py
[2025-09-24T21:19:02.434+0000] {processor.py:830} INFO - Processing file /opt/airflow/dags/ecom_etl_dag.py for tasks to queue
[2025-09-24T21:19:02.436+0000] {logging_mixin.py:188} INFO - [2025-09-24T21:19:02.436+0000] {dagbag.py:545} INFO - Filling up the DagBag from /opt/airflow/dags/ecom_etl_dag.py
[2025-09-24T21:19:02.462+0000] {processor.py:840} INFO - DAG(s) 'ecom_etl' retrieved from /opt/airflow/dags/ecom_etl_dag.py
[2025-09-24T21:19:02.499+0000] {logging_mixin.py:188} INFO - [2025-09-24T21:19:02.499+0000] {dag.py:3096} INFO - Sync 1 DAGs
[2025-09-24T21:19:02.535+0000] {logging_mixin.py:188} INFO - [2025-09-24T21:19:02.535+0000] {dag.py:3954} INFO - Setting next_dagrun for ecom_etl to 2025-09-24 02:30:00+00:00, run_after=2025-09-25 02:30:00+00:00
[2025-09-24T21:19:02.568+0000] {processor.py:183} INFO - Processing /opt/airflow/dags/ecom_etl_dag.py took 0.143 seconds
[2025-09-24T21:19:32.749+0000] {processor.py:161} INFO - Started process (PID=406) to work on /opt/airflow/dags/ecom_etl_dag.py
[2025-09-24T21:19:32.751+0000] {processor.py:830} INFO - Processing file /opt/airflow/dags/ecom_etl_dag.py for tasks to queue
[2025-09-24T21:19:32.754+0000] {logging_mixin.py:188} INFO - [2025-09-24T21:19:32.753+0000] {dagbag.py:545} INFO - Filling up the DagBag from /opt/airflow/dags/ecom_etl_dag.py
[2025-09-24T21:19:32.781+0000] {processor.py:840} INFO - DAG(s) 'ecom_etl' retrieved from /opt/airflow/dags/ecom_etl_dag.py
[2025-09-24T21:19:32.824+0000] {logging_mixin.py:188} INFO - [2025-09-24T21:19:32.824+0000] {dag.py:3096} INFO - Sync 1 DAGs
[2025-09-24T21:19:32.857+0000] {logging_mixin.py:188} INFO - [2025-09-24T21:19:32.857+0000] {dag.py:3954} INFO - Setting next_dagrun for ecom_etl to 2025-09-24 02:30:00+00:00, run_after=2025-09-25 02:30:00+00:00
[2025-09-24T21:19:32.890+0000] {processor.py:183} INFO - Processing /opt/airflow/dags/ecom_etl_dag.py took 0.148 seconds
[2025-09-24T21:20:03.060+0000] {processor.py:161} INFO - Started process (PID=407) to work on /opt/airflow/dags/ecom_etl_dag.py
[2025-09-24T21:20:03.062+0000] {processor.py:830} INFO - Processing file /opt/airflow/dags/ecom_etl_dag.py for tasks to queue
[2025-09-24T21:20:03.065+0000] {logging_mixin.py:188} INFO - [2025-09-24T21:20:03.064+0000] {dagbag.py:545} INFO - Filling up the DagBag from /opt/airflow/dags/ecom_etl_dag.py
[2025-09-24T21:20:03.101+0000] {processor.py:840} INFO - DAG(s) 'ecom_etl' retrieved from /opt/airflow/dags/ecom_etl_dag.py
[2025-09-24T21:20:03.152+0000] {logging_mixin.py:188} INFO - [2025-09-24T21:20:03.152+0000] {dag.py:3096} INFO - Sync 1 DAGs
[2025-09-24T21:20:03.185+0000] {logging_mixin.py:188} INFO - [2025-09-24T21:20:03.185+0000] {dag.py:3954} INFO - Setting next_dagrun for ecom_etl to 2025-09-24 02:30:00+00:00, run_after=2025-09-25 02:30:00+00:00
[2025-09-24T21:20:03.216+0000] {processor.py:183} INFO - Processing /opt/airflow/dags/ecom_etl_dag.py took 0.162 seconds
[2025-09-24T21:20:33.358+0000] {processor.py:161} INFO - Started process (PID=408) to work on /opt/airflow/dags/ecom_etl_dag.py
[2025-09-24T21:20:33.360+0000] {processor.py:830} INFO - Processing file /opt/airflow/dags/ecom_etl_dag.py for tasks to queue
[2025-09-24T21:20:33.362+0000] {logging_mixin.py:188} INFO - [2025-09-24T21:20:33.362+0000] {dagbag.py:545} INFO - Filling up the DagBag from /opt/airflow/dags/ecom_etl_dag.py
[2025-09-24T21:20:33.386+0000] {processor.py:840} INFO - DAG(s) 'ecom_etl' retrieved from /opt/airflow/dags/ecom_etl_dag.py
[2025-09-24T21:20:33.416+0000] {logging_mixin.py:188} INFO - [2025-09-24T21:20:33.416+0000] {dag.py:3096} INFO - Sync 1 DAGs
[2025-09-24T21:20:33.440+0000] {logging_mixin.py:188} INFO - [2025-09-24T21:20:33.439+0000] {dag.py:3954} INFO - Setting next_dagrun for ecom_etl to 2025-09-24 02:30:00+00:00, run_after=2025-09-25 02:30:00+00:00
[2025-09-24T21:20:33.466+0000] {processor.py:183} INFO - Processing /opt/airflow/dags/ecom_etl_dag.py took 0.113 seconds
[2025-09-24T21:21:03.745+0000] {processor.py:161} INFO - Started process (PID=467) to work on /opt/airflow/dags/ecom_etl_dag.py
[2025-09-24T21:21:03.747+0000] {processor.py:830} INFO - Processing file /opt/airflow/dags/ecom_etl_dag.py for tasks to queue
[2025-09-24T21:21:03.749+0000] {logging_mixin.py:188} INFO - [2025-09-24T21:21:03.748+0000] {dagbag.py:545} INFO - Filling up the DagBag from /opt/airflow/dags/ecom_etl_dag.py
[2025-09-24T21:21:03.774+0000] {processor.py:840} INFO - DAG(s) 'ecom_etl' retrieved from /opt/airflow/dags/ecom_etl_dag.py
[2025-09-24T21:21:03.822+0000] {logging_mixin.py:188} INFO - [2025-09-24T21:21:03.822+0000] {dag.py:3096} INFO - Sync 1 DAGs
[2025-09-24T21:21:03.846+0000] {logging_mixin.py:188} INFO - [2025-09-24T21:21:03.846+0000] {dag.py:3954} INFO - Setting next_dagrun for ecom_etl to 2025-09-24 02:30:00+00:00, run_after=2025-09-25 02:30:00+00:00
[2025-09-24T21:21:03.872+0000] {processor.py:183} INFO - Processing /opt/airflow/dags/ecom_etl_dag.py took 0.136 seconds
[2025-09-24T21:21:34.872+0000] {processor.py:161} INFO - Started process (PID=468) to work on /opt/airflow/dags/ecom_etl_dag.py
[2025-09-24T21:21:34.873+0000] {processor.py:830} INFO - Processing file /opt/airflow/dags/ecom_etl_dag.py for tasks to queue
[2025-09-24T21:21:34.875+0000] {logging_mixin.py:188} INFO - [2025-09-24T21:21:34.875+0000] {dagbag.py:545} INFO - Filling up the DagBag from /opt/airflow/dags/ecom_etl_dag.py
[2025-09-24T21:21:34.898+0000] {processor.py:840} INFO - DAG(s) 'ecom_etl' retrieved from /opt/airflow/dags/ecom_etl_dag.py
[2025-09-24T21:21:34.924+0000] {logging_mixin.py:188} INFO - [2025-09-24T21:21:34.924+0000] {dag.py:3096} INFO - Sync 1 DAGs
[2025-09-24T21:21:34.945+0000] {logging_mixin.py:188} INFO - [2025-09-24T21:21:34.945+0000] {dag.py:3954} INFO - Setting next_dagrun for ecom_etl to 2025-09-24 02:30:00+00:00, run_after=2025-09-25 02:30:00+00:00
[2025-09-24T21:21:34.967+0000] {processor.py:183} INFO - Processing /opt/airflow/dags/ecom_etl_dag.py took 0.100 seconds
[2025-09-24T21:22:05.108+0000] {processor.py:161} INFO - Started process (PID=469) to work on /opt/airflow/dags/ecom_etl_dag.py
[2025-09-24T21:22:05.109+0000] {processor.py:830} INFO - Processing file /opt/airflow/dags/ecom_etl_dag.py for tasks to queue
[2025-09-24T21:22:05.111+0000] {logging_mixin.py:188} INFO - [2025-09-24T21:22:05.110+0000] {dagbag.py:545} INFO - Filling up the DagBag from /opt/airflow/dags/ecom_etl_dag.py
[2025-09-24T21:22:05.131+0000] {processor.py:840} INFO - DAG(s) 'ecom_etl' retrieved from /opt/airflow/dags/ecom_etl_dag.py
[2025-09-24T21:22:05.163+0000] {logging_mixin.py:188} INFO - [2025-09-24T21:22:05.163+0000] {dag.py:3096} INFO - Sync 1 DAGs
[2025-09-24T21:22:05.188+0000] {logging_mixin.py:188} INFO - [2025-09-24T21:22:05.188+0000] {dag.py:3954} INFO - Setting next_dagrun for ecom_etl to 2025-09-24 02:30:00+00:00, run_after=2025-09-25 02:30:00+00:00
[2025-09-24T21:22:05.216+0000] {processor.py:183} INFO - Processing /opt/airflow/dags/ecom_etl_dag.py took 0.115 seconds
[2025-09-24T21:23:06.905+0000] {processor.py:161} INFO - Started process (PID=527) to work on /opt/airflow/dags/ecom_etl_dag.py
[2025-09-24T21:23:06.906+0000] {processor.py:830} INFO - Processing file /opt/airflow/dags/ecom_etl_dag.py for tasks to queue
[2025-09-24T21:23:06.908+0000] {logging_mixin.py:188} INFO - [2025-09-24T21:23:06.908+0000] {dagbag.py:545} INFO - Filling up the DagBag from /opt/airflow/dags/ecom_etl_dag.py
[2025-09-24T21:23:06.930+0000] {processor.py:840} INFO - DAG(s) 'ecom_etl' retrieved from /opt/airflow/dags/ecom_etl_dag.py
[2025-09-24T21:23:06.957+0000] {logging_mixin.py:188} INFO - [2025-09-24T21:23:06.957+0000] {dag.py:3096} INFO - Sync 1 DAGs
[2025-09-24T21:23:06.978+0000] {logging_mixin.py:188} INFO - [2025-09-24T21:23:06.978+0000] {dag.py:3954} INFO - Setting next_dagrun for ecom_etl to 2025-09-24 02:30:00+00:00, run_after=2025-09-25 02:30:00+00:00
[2025-09-24T21:23:07.009+0000] {processor.py:183} INFO - Processing /opt/airflow/dags/ecom_etl_dag.py took 0.110 seconds
[2025-09-24T21:23:37.183+0000] {processor.py:161} INFO - Started process (PID=528) to work on /opt/airflow/dags/ecom_etl_dag.py
[2025-09-24T21:23:37.184+0000] {processor.py:830} INFO - Processing file /opt/airflow/dags/ecom_etl_dag.py for tasks to queue
[2025-09-24T21:23:37.187+0000] {logging_mixin.py:188} INFO - [2025-09-24T21:23:37.186+0000] {dagbag.py:545} INFO - Filling up the DagBag from /opt/airflow/dags/ecom_etl_dag.py
[2025-09-24T21:23:37.207+0000] {processor.py:840} INFO - DAG(s) 'ecom_etl' retrieved from /opt/airflow/dags/ecom_etl_dag.py
[2025-09-24T21:23:37.233+0000] {logging_mixin.py:188} INFO - [2025-09-24T21:23:37.233+0000] {dag.py:3096} INFO - Sync 1 DAGs
[2025-09-24T21:23:37.258+0000] {logging_mixin.py:188} INFO - [2025-09-24T21:23:37.257+0000] {dag.py:3954} INFO - Setting next_dagrun for ecom_etl to 2025-09-24 02:30:00+00:00, run_after=2025-09-25 02:30:00+00:00
[2025-09-24T21:23:37.285+0000] {processor.py:183} INFO - Processing /opt/airflow/dags/ecom_etl_dag.py took 0.107 seconds
[2025-09-24T21:24:07.722+0000] {processor.py:161} INFO - Started process (PID=529) to work on /opt/airflow/dags/ecom_etl_dag.py
[2025-09-24T21:24:07.724+0000] {processor.py:830} INFO - Processing file /opt/airflow/dags/ecom_etl_dag.py for tasks to queue
[2025-09-24T21:24:07.726+0000] {logging_mixin.py:188} INFO - [2025-09-24T21:24:07.725+0000] {dagbag.py:545} INFO - Filling up the DagBag from /opt/airflow/dags/ecom_etl_dag.py
[2025-09-24T21:24:07.751+0000] {processor.py:840} INFO - DAG(s) 'ecom_etl' retrieved from /opt/airflow/dags/ecom_etl_dag.py
[2025-09-24T21:24:07.781+0000] {logging_mixin.py:188} INFO - [2025-09-24T21:24:07.780+0000] {dag.py:3096} INFO - Sync 1 DAGs
[2025-09-24T21:24:07.807+0000] {logging_mixin.py:188} INFO - [2025-09-24T21:24:07.807+0000] {dag.py:3954} INFO - Setting next_dagrun for ecom_etl to 2025-09-24 02:30:00+00:00, run_after=2025-09-25 02:30:00+00:00
[2025-09-24T21:24:07.836+0000] {processor.py:183} INFO - Processing /opt/airflow/dags/ecom_etl_dag.py took 0.120 seconds
[2025-09-24T21:24:38.189+0000] {processor.py:161} INFO - Started process (PID=530) to work on /opt/airflow/dags/ecom_etl_dag.py
[2025-09-24T21:24:38.190+0000] {processor.py:830} INFO - Processing file /opt/airflow/dags/ecom_etl_dag.py for tasks to queue
[2025-09-24T21:24:38.193+0000] {logging_mixin.py:188} INFO - [2025-09-24T21:24:38.192+0000] {dagbag.py:545} INFO - Filling up the DagBag from /opt/airflow/dags/ecom_etl_dag.py
[2025-09-24T21:24:38.219+0000] {processor.py:840} INFO - DAG(s) 'ecom_etl' retrieved from /opt/airflow/dags/ecom_etl_dag.py
[2025-09-24T21:24:38.257+0000] {logging_mixin.py:188} INFO - [2025-09-24T21:24:38.257+0000] {dag.py:3096} INFO - Sync 1 DAGs
[2025-09-24T21:24:38.287+0000] {logging_mixin.py:188} INFO - [2025-09-24T21:24:38.287+0000] {dag.py:3954} INFO - Setting next_dagrun for ecom_etl to 2025-09-24 02:30:00+00:00, run_after=2025-09-25 02:30:00+00:00
[2025-09-24T21:24:38.324+0000] {processor.py:183} INFO - Processing /opt/airflow/dags/ecom_etl_dag.py took 0.143 seconds
[2025-09-24T21:25:08.784+0000] {processor.py:161} INFO - Started process (PID=531) to work on /opt/airflow/dags/ecom_etl_dag.py
[2025-09-24T21:25:08.785+0000] {processor.py:830} INFO - Processing file /opt/airflow/dags/ecom_etl_dag.py for tasks to queue
[2025-09-24T21:25:08.788+0000] {logging_mixin.py:188} INFO - [2025-09-24T21:25:08.787+0000] {dagbag.py:545} INFO - Filling up the DagBag from /opt/airflow/dags/ecom_etl_dag.py
[2025-09-24T21:25:08.814+0000] {processor.py:840} INFO - DAG(s) 'ecom_etl' retrieved from /opt/airflow/dags/ecom_etl_dag.py
[2025-09-24T21:25:08.850+0000] {logging_mixin.py:188} INFO - [2025-09-24T21:25:08.850+0000] {dag.py:3096} INFO - Sync 1 DAGs
[2025-09-24T21:25:08.879+0000] {logging_mixin.py:188} INFO - [2025-09-24T21:25:08.878+0000] {dag.py:3954} INFO - Setting next_dagrun for ecom_etl to 2025-09-24 02:30:00+00:00, run_after=2025-09-25 02:30:00+00:00
[2025-09-24T21:25:08.907+0000] {processor.py:183} INFO - Processing /opt/airflow/dags/ecom_etl_dag.py took 0.130 seconds
[2025-09-24T21:25:39.310+0000] {processor.py:161} INFO - Started process (PID=532) to work on /opt/airflow/dags/ecom_etl_dag.py
[2025-09-24T21:25:39.312+0000] {processor.py:830} INFO - Processing file /opt/airflow/dags/ecom_etl_dag.py for tasks to queue
[2025-09-24T21:25:39.315+0000] {logging_mixin.py:188} INFO - [2025-09-24T21:25:39.315+0000] {dagbag.py:545} INFO - Filling up the DagBag from /opt/airflow/dags/ecom_etl_dag.py
[2025-09-24T21:25:39.344+0000] {processor.py:840} INFO - DAG(s) 'ecom_etl' retrieved from /opt/airflow/dags/ecom_etl_dag.py
[2025-09-24T21:25:39.381+0000] {logging_mixin.py:188} INFO - [2025-09-24T21:25:39.381+0000] {dag.py:3096} INFO - Sync 1 DAGs
[2025-09-24T21:25:39.412+0000] {logging_mixin.py:188} INFO - [2025-09-24T21:25:39.412+0000] {dag.py:3954} INFO - Setting next_dagrun for ecom_etl to 2025-09-24 02:30:00+00:00, run_after=2025-09-25 02:30:00+00:00
[2025-09-24T21:25:39.444+0000] {processor.py:183} INFO - Processing /opt/airflow/dags/ecom_etl_dag.py took 0.141 seconds
[2025-09-24T21:26:09.835+0000] {processor.py:161} INFO - Started process (PID=533) to work on /opt/airflow/dags/ecom_etl_dag.py
[2025-09-24T21:26:09.836+0000] {processor.py:830} INFO - Processing file /opt/airflow/dags/ecom_etl_dag.py for tasks to queue
[2025-09-24T21:26:09.840+0000] {logging_mixin.py:188} INFO - [2025-09-24T21:26:09.839+0000] {dagbag.py:545} INFO - Filling up the DagBag from /opt/airflow/dags/ecom_etl_dag.py
[2025-09-24T21:26:09.866+0000] {processor.py:840} INFO - DAG(s) 'ecom_etl' retrieved from /opt/airflow/dags/ecom_etl_dag.py
[2025-09-24T21:26:09.898+0000] {logging_mixin.py:188} INFO - [2025-09-24T21:26:09.898+0000] {dag.py:3096} INFO - Sync 1 DAGs
[2025-09-24T21:26:09.924+0000] {logging_mixin.py:188} INFO - [2025-09-24T21:26:09.924+0000] {dag.py:3954} INFO - Setting next_dagrun for ecom_etl to 2025-09-24 02:30:00+00:00, run_after=2025-09-25 02:30:00+00:00
[2025-09-24T21:26:09.951+0000] {processor.py:183} INFO - Processing /opt/airflow/dags/ecom_etl_dag.py took 0.123 seconds
[2025-09-24T21:26:40.369+0000] {processor.py:161} INFO - Started process (PID=534) to work on /opt/airflow/dags/ecom_etl_dag.py
[2025-09-24T21:26:40.373+0000] {processor.py:830} INFO - Processing file /opt/airflow/dags/ecom_etl_dag.py for tasks to queue
[2025-09-24T21:26:40.378+0000] {logging_mixin.py:188} INFO - [2025-09-24T21:26:40.378+0000] {dagbag.py:545} INFO - Filling up the DagBag from /opt/airflow/dags/ecom_etl_dag.py
[2025-09-24T21:26:40.416+0000] {processor.py:840} INFO - DAG(s) 'ecom_etl' retrieved from /opt/airflow/dags/ecom_etl_dag.py
[2025-09-24T21:26:40.452+0000] {logging_mixin.py:188} INFO - [2025-09-24T21:26:40.451+0000] {dag.py:3096} INFO - Sync 1 DAGs
[2025-09-24T21:26:40.477+0000] {logging_mixin.py:188} INFO - [2025-09-24T21:26:40.476+0000] {dag.py:3954} INFO - Setting next_dagrun for ecom_etl to 2025-09-24 02:30:00+00:00, run_after=2025-09-25 02:30:00+00:00
[2025-09-24T21:26:40.504+0000] {processor.py:183} INFO - Processing /opt/airflow/dags/ecom_etl_dag.py took 0.148 seconds
[2025-09-24T21:27:10.878+0000] {processor.py:161} INFO - Started process (PID=535) to work on /opt/airflow/dags/ecom_etl_dag.py
[2025-09-24T21:27:10.879+0000] {processor.py:830} INFO - Processing file /opt/airflow/dags/ecom_etl_dag.py for tasks to queue
[2025-09-24T21:27:10.881+0000] {logging_mixin.py:188} INFO - [2025-09-24T21:27:10.881+0000] {dagbag.py:545} INFO - Filling up the DagBag from /opt/airflow/dags/ecom_etl_dag.py
[2025-09-24T21:27:10.904+0000] {processor.py:840} INFO - DAG(s) 'ecom_etl' retrieved from /opt/airflow/dags/ecom_etl_dag.py
[2025-09-24T21:27:10.934+0000] {logging_mixin.py:188} INFO - [2025-09-24T21:27:10.933+0000] {dag.py:3096} INFO - Sync 1 DAGs
[2025-09-24T21:27:10.960+0000] {logging_mixin.py:188} INFO - [2025-09-24T21:27:10.959+0000] {dag.py:3954} INFO - Setting next_dagrun for ecom_etl to 2025-09-24 02:30:00+00:00, run_after=2025-09-25 02:30:00+00:00
[2025-09-24T21:27:10.990+0000] {processor.py:183} INFO - Processing /opt/airflow/dags/ecom_etl_dag.py took 0.118 seconds
[2025-09-24T21:27:46.782+0000] {processor.py:161} INFO - Started process (PID=565) to work on /opt/airflow/dags/ecom_etl_dag.py
[2025-09-24T21:27:46.784+0000] {processor.py:830} INFO - Processing file /opt/airflow/dags/ecom_etl_dag.py for tasks to queue
[2025-09-24T21:27:46.786+0000] {logging_mixin.py:188} INFO - [2025-09-24T21:27:46.786+0000] {dagbag.py:545} INFO - Filling up the DagBag from /opt/airflow/dags/ecom_etl_dag.py
[2025-09-24T21:27:46.816+0000] {processor.py:840} INFO - DAG(s) 'ecom_etl' retrieved from /opt/airflow/dags/ecom_etl_dag.py
[2025-09-24T21:27:46.851+0000] {logging_mixin.py:188} INFO - [2025-09-24T21:27:46.850+0000] {dag.py:3096} INFO - Sync 1 DAGs
[2025-09-24T21:27:46.888+0000] {logging_mixin.py:188} INFO - [2025-09-24T21:27:46.888+0000] {dag.py:3954} INFO - Setting next_dagrun for ecom_etl to 2025-09-24 02:30:00+00:00, run_after=2025-09-25 02:30:00+00:00
[2025-09-24T21:27:46.920+0000] {processor.py:183} INFO - Processing /opt/airflow/dags/ecom_etl_dag.py took 0.149 seconds
[2025-09-24T21:28:21.617+0000] {processor.py:161} INFO - Started process (PID=595) to work on /opt/airflow/dags/ecom_etl_dag.py
[2025-09-24T21:28:21.618+0000] {processor.py:830} INFO - Processing file /opt/airflow/dags/ecom_etl_dag.py for tasks to queue
[2025-09-24T21:28:21.621+0000] {logging_mixin.py:188} INFO - [2025-09-24T21:28:21.620+0000] {dagbag.py:545} INFO - Filling up the DagBag from /opt/airflow/dags/ecom_etl_dag.py
[2025-09-24T21:28:21.646+0000] {processor.py:840} INFO - DAG(s) 'ecom_etl' retrieved from /opt/airflow/dags/ecom_etl_dag.py
[2025-09-24T21:28:21.678+0000] {logging_mixin.py:188} INFO - [2025-09-24T21:28:21.678+0000] {dag.py:3096} INFO - Sync 1 DAGs
[2025-09-24T21:28:21.706+0000] {logging_mixin.py:188} INFO - [2025-09-24T21:28:21.705+0000] {dag.py:3954} INFO - Setting next_dagrun for ecom_etl to 2025-09-24 02:30:00+00:00, run_after=2025-09-25 02:30:00+00:00
[2025-09-24T21:28:21.735+0000] {processor.py:183} INFO - Processing /opt/airflow/dags/ecom_etl_dag.py took 0.126 seconds
[2025-09-24T21:29:09.885+0000] {processor.py:161} INFO - Started process (PID=651) to work on /opt/airflow/dags/ecom_etl_dag.py
[2025-09-24T21:29:09.887+0000] {processor.py:830} INFO - Processing file /opt/airflow/dags/ecom_etl_dag.py for tasks to queue
[2025-09-24T21:29:09.890+0000] {logging_mixin.py:188} INFO - [2025-09-24T21:29:09.889+0000] {dagbag.py:545} INFO - Filling up the DagBag from /opt/airflow/dags/ecom_etl_dag.py
[2025-09-24T21:29:09.917+0000] {processor.py:840} INFO - DAG(s) 'ecom_etl' retrieved from /opt/airflow/dags/ecom_etl_dag.py
[2025-09-24T21:29:09.945+0000] {logging_mixin.py:188} INFO - [2025-09-24T21:29:09.945+0000] {dag.py:3096} INFO - Sync 1 DAGs
[2025-09-24T21:29:09.970+0000] {logging_mixin.py:188} INFO - [2025-09-24T21:29:09.969+0000] {dag.py:3954} INFO - Setting next_dagrun for ecom_etl to 2025-09-24 02:30:00+00:00, run_after=2025-09-25 02:30:00+00:00
[2025-09-24T21:29:10.001+0000] {processor.py:183} INFO - Processing /opt/airflow/dags/ecom_etl_dag.py took 0.124 seconds
[2025-09-24T21:29:40.387+0000] {processor.py:161} INFO - Started process (PID=678) to work on /opt/airflow/dags/ecom_etl_dag.py
[2025-09-24T21:29:40.389+0000] {processor.py:830} INFO - Processing file /opt/airflow/dags/ecom_etl_dag.py for tasks to queue
[2025-09-24T21:29:40.394+0000] {logging_mixin.py:188} INFO - [2025-09-24T21:29:40.393+0000] {dagbag.py:545} INFO - Filling up the DagBag from /opt/airflow/dags/ecom_etl_dag.py
[2025-09-24T21:29:40.434+0000] {processor.py:840} INFO - DAG(s) 'ecom_etl' retrieved from /opt/airflow/dags/ecom_etl_dag.py
[2025-09-24T21:29:40.483+0000] {logging_mixin.py:188} INFO - [2025-09-24T21:29:40.482+0000] {dag.py:3096} INFO - Sync 1 DAGs
[2025-09-24T21:29:40.534+0000] {logging_mixin.py:188} INFO - [2025-09-24T21:29:40.533+0000] {dag.py:3954} INFO - Setting next_dagrun for ecom_etl to 2025-09-24 02:30:00+00:00, run_after=2025-09-25 02:30:00+00:00
[2025-09-24T21:29:40.575+0000] {processor.py:183} INFO - Processing /opt/airflow/dags/ecom_etl_dag.py took 0.198 seconds
[2025-09-24T21:30:10.753+0000] {processor.py:161} INFO - Started process (PID=679) to work on /opt/airflow/dags/ecom_etl_dag.py
[2025-09-24T21:30:10.754+0000] {processor.py:830} INFO - Processing file /opt/airflow/dags/ecom_etl_dag.py for tasks to queue
[2025-09-24T21:30:10.755+0000] {logging_mixin.py:188} INFO - [2025-09-24T21:30:10.755+0000] {dagbag.py:545} INFO - Filling up the DagBag from /opt/airflow/dags/ecom_etl_dag.py
[2025-09-24T21:30:10.774+0000] {processor.py:840} INFO - DAG(s) 'ecom_etl' retrieved from /opt/airflow/dags/ecom_etl_dag.py
[2025-09-24T21:30:10.796+0000] {logging_mixin.py:188} INFO - [2025-09-24T21:30:10.795+0000] {dag.py:3096} INFO - Sync 1 DAGs
[2025-09-24T21:30:10.814+0000] {logging_mixin.py:188} INFO - [2025-09-24T21:30:10.814+0000] {dag.py:3954} INFO - Setting next_dagrun for ecom_etl to 2025-09-24 02:30:00+00:00, run_after=2025-09-25 02:30:00+00:00
[2025-09-24T21:30:10.837+0000] {processor.py:183} INFO - Processing /opt/airflow/dags/ecom_etl_dag.py took 0.089 seconds
[2025-09-24T21:30:40.933+0000] {processor.py:161} INFO - Started process (PID=680) to work on /opt/airflow/dags/ecom_etl_dag.py
[2025-09-24T21:30:40.934+0000] {processor.py:830} INFO - Processing file /opt/airflow/dags/ecom_etl_dag.py for tasks to queue
[2025-09-24T21:30:40.937+0000] {logging_mixin.py:188} INFO - [2025-09-24T21:30:40.936+0000] {dagbag.py:545} INFO - Filling up the DagBag from /opt/airflow/dags/ecom_etl_dag.py
[2025-09-24T21:30:40.959+0000] {processor.py:840} INFO - DAG(s) 'ecom_etl' retrieved from /opt/airflow/dags/ecom_etl_dag.py
[2025-09-24T21:30:40.986+0000] {logging_mixin.py:188} INFO - [2025-09-24T21:30:40.986+0000] {dag.py:3096} INFO - Sync 1 DAGs
[2025-09-24T21:30:41.011+0000] {logging_mixin.py:188} INFO - [2025-09-24T21:30:41.010+0000] {dag.py:3954} INFO - Setting next_dagrun for ecom_etl to 2025-09-24 02:30:00+00:00, run_after=2025-09-25 02:30:00+00:00
[2025-09-24T21:30:41.036+0000] {processor.py:183} INFO - Processing /opt/airflow/dags/ecom_etl_dag.py took 0.110 seconds
[2025-09-24T21:31:11.182+0000] {processor.py:161} INFO - Started process (PID=681) to work on /opt/airflow/dags/ecom_etl_dag.py
[2025-09-24T21:31:11.183+0000] {processor.py:830} INFO - Processing file /opt/airflow/dags/ecom_etl_dag.py for tasks to queue
[2025-09-24T21:31:11.185+0000] {logging_mixin.py:188} INFO - [2025-09-24T21:31:11.185+0000] {dagbag.py:545} INFO - Filling up the DagBag from /opt/airflow/dags/ecom_etl_dag.py
[2025-09-24T21:31:11.205+0000] {processor.py:840} INFO - DAG(s) 'ecom_etl' retrieved from /opt/airflow/dags/ecom_etl_dag.py
[2025-09-24T21:31:11.226+0000] {logging_mixin.py:188} INFO - [2025-09-24T21:31:11.226+0000] {dag.py:3096} INFO - Sync 1 DAGs
[2025-09-24T21:31:11.246+0000] {logging_mixin.py:188} INFO - [2025-09-24T21:31:11.246+0000] {dag.py:3954} INFO - Setting next_dagrun for ecom_etl to 2025-09-24 02:30:00+00:00, run_after=2025-09-25 02:30:00+00:00
[2025-09-24T21:31:11.269+0000] {processor.py:183} INFO - Processing /opt/airflow/dags/ecom_etl_dag.py took 0.092 seconds
[2025-09-24T21:31:41.464+0000] {processor.py:161} INFO - Started process (PID=682) to work on /opt/airflow/dags/ecom_etl_dag.py
[2025-09-24T21:31:41.465+0000] {processor.py:830} INFO - Processing file /opt/airflow/dags/ecom_etl_dag.py for tasks to queue
[2025-09-24T21:31:41.469+0000] {logging_mixin.py:188} INFO - [2025-09-24T21:31:41.468+0000] {dagbag.py:545} INFO - Filling up the DagBag from /opt/airflow/dags/ecom_etl_dag.py
[2025-09-24T21:31:41.489+0000] {processor.py:840} INFO - DAG(s) 'ecom_etl' retrieved from /opt/airflow/dags/ecom_etl_dag.py
[2025-09-24T21:31:41.512+0000] {logging_mixin.py:188} INFO - [2025-09-24T21:31:41.512+0000] {dag.py:3096} INFO - Sync 1 DAGs
[2025-09-24T21:31:41.532+0000] {logging_mixin.py:188} INFO - [2025-09-24T21:31:41.532+0000] {dag.py:3954} INFO - Setting next_dagrun for ecom_etl to 2025-09-24 02:30:00+00:00, run_after=2025-09-25 02:30:00+00:00
[2025-09-24T21:31:41.554+0000] {processor.py:183} INFO - Processing /opt/airflow/dags/ecom_etl_dag.py took 0.095 seconds
[2025-09-24T21:32:11.728+0000] {processor.py:161} INFO - Started process (PID=683) to work on /opt/airflow/dags/ecom_etl_dag.py
[2025-09-24T21:32:11.729+0000] {processor.py:830} INFO - Processing file /opt/airflow/dags/ecom_etl_dag.py for tasks to queue
[2025-09-24T21:32:11.730+0000] {logging_mixin.py:188} INFO - [2025-09-24T21:32:11.730+0000] {dagbag.py:545} INFO - Filling up the DagBag from /opt/airflow/dags/ecom_etl_dag.py
[2025-09-24T21:32:11.751+0000] {processor.py:840} INFO - DAG(s) 'ecom_etl' retrieved from /opt/airflow/dags/ecom_etl_dag.py
[2025-09-24T21:32:11.776+0000] {logging_mixin.py:188} INFO - [2025-09-24T21:32:11.776+0000] {dag.py:3096} INFO - Sync 1 DAGs
[2025-09-24T21:32:11.797+0000] {logging_mixin.py:188} INFO - [2025-09-24T21:32:11.797+0000] {dag.py:3954} INFO - Setting next_dagrun for ecom_etl to 2025-09-24 02:30:00+00:00, run_after=2025-09-25 02:30:00+00:00
[2025-09-24T21:32:11.820+0000] {processor.py:183} INFO - Processing /opt/airflow/dags/ecom_etl_dag.py took 0.098 seconds
[2025-09-24T21:32:41.996+0000] {processor.py:161} INFO - Started process (PID=684) to work on /opt/airflow/dags/ecom_etl_dag.py
[2025-09-24T21:32:41.997+0000] {processor.py:830} INFO - Processing file /opt/airflow/dags/ecom_etl_dag.py for tasks to queue
[2025-09-24T21:32:41.999+0000] {logging_mixin.py:188} INFO - [2025-09-24T21:32:41.998+0000] {dagbag.py:545} INFO - Filling up the DagBag from /opt/airflow/dags/ecom_etl_dag.py
[2025-09-24T21:32:42.023+0000] {processor.py:840} INFO - DAG(s) 'ecom_etl' retrieved from /opt/airflow/dags/ecom_etl_dag.py
[2025-09-24T21:32:42.069+0000] {logging_mixin.py:188} INFO - [2025-09-24T21:32:42.068+0000] {dag.py:3096} INFO - Sync 1 DAGs
[2025-09-24T21:32:42.110+0000] {logging_mixin.py:188} INFO - [2025-09-24T21:32:42.110+0000] {dag.py:3954} INFO - Setting next_dagrun for ecom_etl to 2025-09-24 02:30:00+00:00, run_after=2025-09-25 02:30:00+00:00
[2025-09-24T21:32:42.145+0000] {processor.py:183} INFO - Processing /opt/airflow/dags/ecom_etl_dag.py took 0.154 seconds
[2025-09-24T21:33:12.307+0000] {processor.py:161} INFO - Started process (PID=685) to work on /opt/airflow/dags/ecom_etl_dag.py
[2025-09-24T21:33:12.309+0000] {processor.py:830} INFO - Processing file /opt/airflow/dags/ecom_etl_dag.py for tasks to queue
[2025-09-24T21:33:12.314+0000] {logging_mixin.py:188} INFO - [2025-09-24T21:33:12.313+0000] {dagbag.py:545} INFO - Filling up the DagBag from /opt/airflow/dags/ecom_etl_dag.py
[2025-09-24T21:33:12.350+0000] {processor.py:840} INFO - DAG(s) 'ecom_etl' retrieved from /opt/airflow/dags/ecom_etl_dag.py
[2025-09-24T21:33:12.410+0000] {logging_mixin.py:188} INFO - [2025-09-24T21:33:12.410+0000] {dag.py:3096} INFO - Sync 1 DAGs
[2025-09-24T21:33:12.463+0000] {logging_mixin.py:188} INFO - [2025-09-24T21:33:12.463+0000] {dag.py:3954} INFO - Setting next_dagrun for ecom_etl to 2025-09-24 02:30:00+00:00, run_after=2025-09-25 02:30:00+00:00
[2025-09-24T21:33:12.510+0000] {processor.py:183} INFO - Processing /opt/airflow/dags/ecom_etl_dag.py took 0.215 seconds
[2025-09-24T21:33:42.693+0000] {processor.py:161} INFO - Started process (PID=686) to work on /opt/airflow/dags/ecom_etl_dag.py
[2025-09-24T21:33:42.694+0000] {processor.py:830} INFO - Processing file /opt/airflow/dags/ecom_etl_dag.py for tasks to queue
[2025-09-24T21:33:42.696+0000] {logging_mixin.py:188} INFO - [2025-09-24T21:33:42.696+0000] {dagbag.py:545} INFO - Filling up the DagBag from /opt/airflow/dags/ecom_etl_dag.py
[2025-09-24T21:33:42.718+0000] {processor.py:840} INFO - DAG(s) 'ecom_etl' retrieved from /opt/airflow/dags/ecom_etl_dag.py
[2025-09-24T21:33:42.746+0000] {logging_mixin.py:188} INFO - [2025-09-24T21:33:42.746+0000] {dag.py:3096} INFO - Sync 1 DAGs
[2025-09-24T21:33:42.772+0000] {logging_mixin.py:188} INFO - [2025-09-24T21:33:42.771+0000] {dag.py:3954} INFO - Setting next_dagrun for ecom_etl to 2025-09-24 02:30:00+00:00, run_after=2025-09-25 02:30:00+00:00
[2025-09-24T21:33:42.803+0000] {processor.py:183} INFO - Processing /opt/airflow/dags/ecom_etl_dag.py took 0.115 seconds
[2025-09-24T21:34:12.971+0000] {processor.py:161} INFO - Started process (PID=687) to work on /opt/airflow/dags/ecom_etl_dag.py
[2025-09-24T21:34:12.972+0000] {processor.py:830} INFO - Processing file /opt/airflow/dags/ecom_etl_dag.py for tasks to queue
[2025-09-24T21:34:12.974+0000] {logging_mixin.py:188} INFO - [2025-09-24T21:34:12.974+0000] {dagbag.py:545} INFO - Filling up the DagBag from /opt/airflow/dags/ecom_etl_dag.py
[2025-09-24T21:34:13.000+0000] {processor.py:840} INFO - DAG(s) 'ecom_etl' retrieved from /opt/airflow/dags/ecom_etl_dag.py
[2025-09-24T21:34:13.032+0000] {logging_mixin.py:188} INFO - [2025-09-24T21:34:13.032+0000] {dag.py:3096} INFO - Sync 1 DAGs
[2025-09-24T21:34:13.063+0000] {logging_mixin.py:188} INFO - [2025-09-24T21:34:13.063+0000] {dag.py:3954} INFO - Setting next_dagrun for ecom_etl to 2025-09-24 02:30:00+00:00, run_after=2025-09-25 02:30:00+00:00
[2025-09-24T21:34:13.102+0000] {processor.py:183} INFO - Processing /opt/airflow/dags/ecom_etl_dag.py took 0.137 seconds
[2025-09-24T21:34:43.229+0000] {processor.py:161} INFO - Started process (PID=688) to work on /opt/airflow/dags/ecom_etl_dag.py
[2025-09-24T21:34:43.230+0000] {processor.py:830} INFO - Processing file /opt/airflow/dags/ecom_etl_dag.py for tasks to queue
[2025-09-24T21:34:43.232+0000] {logging_mixin.py:188} INFO - [2025-09-24T21:34:43.231+0000] {dagbag.py:545} INFO - Filling up the DagBag from /opt/airflow/dags/ecom_etl_dag.py
[2025-09-24T21:34:43.255+0000] {processor.py:840} INFO - DAG(s) 'ecom_etl' retrieved from /opt/airflow/dags/ecom_etl_dag.py
[2025-09-24T21:34:43.280+0000] {logging_mixin.py:188} INFO - [2025-09-24T21:34:43.279+0000] {dag.py:3096} INFO - Sync 1 DAGs
[2025-09-24T21:34:43.305+0000] {logging_mixin.py:188} INFO - [2025-09-24T21:34:43.305+0000] {dag.py:3954} INFO - Setting next_dagrun for ecom_etl to 2025-09-24 02:30:00+00:00, run_after=2025-09-25 02:30:00+00:00
[2025-09-24T21:34:43.328+0000] {processor.py:183} INFO - Processing /opt/airflow/dags/ecom_etl_dag.py took 0.105 seconds
[2025-09-24T21:35:13.489+0000] {processor.py:161} INFO - Started process (PID=689) to work on /opt/airflow/dags/ecom_etl_dag.py
[2025-09-24T21:35:13.490+0000] {processor.py:830} INFO - Processing file /opt/airflow/dags/ecom_etl_dag.py for tasks to queue
[2025-09-24T21:35:13.491+0000] {logging_mixin.py:188} INFO - [2025-09-24T21:35:13.491+0000] {dagbag.py:545} INFO - Filling up the DagBag from /opt/airflow/dags/ecom_etl_dag.py
[2025-09-24T21:35:13.513+0000] {processor.py:840} INFO - DAG(s) 'ecom_etl' retrieved from /opt/airflow/dags/ecom_etl_dag.py
[2025-09-24T21:35:13.537+0000] {logging_mixin.py:188} INFO - [2025-09-24T21:35:13.537+0000] {dag.py:3096} INFO - Sync 1 DAGs
[2025-09-24T21:35:13.558+0000] {logging_mixin.py:188} INFO - [2025-09-24T21:35:13.558+0000] {dag.py:3954} INFO - Setting next_dagrun for ecom_etl to 2025-09-24 02:30:00+00:00, run_after=2025-09-25 02:30:00+00:00
[2025-09-24T21:35:13.580+0000] {processor.py:183} INFO - Processing /opt/airflow/dags/ecom_etl_dag.py took 0.096 seconds
[2025-09-24T21:35:43.742+0000] {processor.py:161} INFO - Started process (PID=690) to work on /opt/airflow/dags/ecom_etl_dag.py
[2025-09-24T21:35:43.743+0000] {processor.py:830} INFO - Processing file /opt/airflow/dags/ecom_etl_dag.py for tasks to queue
[2025-09-24T21:35:43.745+0000] {logging_mixin.py:188} INFO - [2025-09-24T21:35:43.745+0000] {dagbag.py:545} INFO - Filling up the DagBag from /opt/airflow/dags/ecom_etl_dag.py
[2025-09-24T21:35:43.765+0000] {processor.py:840} INFO - DAG(s) 'ecom_etl' retrieved from /opt/airflow/dags/ecom_etl_dag.py
[2025-09-24T21:35:43.790+0000] {logging_mixin.py:188} INFO - [2025-09-24T21:35:43.790+0000] {dag.py:3096} INFO - Sync 1 DAGs
[2025-09-24T21:35:43.811+0000] {logging_mixin.py:188} INFO - [2025-09-24T21:35:43.810+0000] {dag.py:3954} INFO - Setting next_dagrun for ecom_etl to 2025-09-24 02:30:00+00:00, run_after=2025-09-25 02:30:00+00:00
[2025-09-24T21:35:43.833+0000] {processor.py:183} INFO - Processing /opt/airflow/dags/ecom_etl_dag.py took 0.096 seconds
[2025-09-24T21:36:13.993+0000] {processor.py:161} INFO - Started process (PID=691) to work on /opt/airflow/dags/ecom_etl_dag.py
[2025-09-24T21:36:13.994+0000] {processor.py:830} INFO - Processing file /opt/airflow/dags/ecom_etl_dag.py for tasks to queue
[2025-09-24T21:36:13.995+0000] {logging_mixin.py:188} INFO - [2025-09-24T21:36:13.995+0000] {dagbag.py:545} INFO - Filling up the DagBag from /opt/airflow/dags/ecom_etl_dag.py
[2025-09-24T21:36:14.018+0000] {processor.py:840} INFO - DAG(s) 'ecom_etl' retrieved from /opt/airflow/dags/ecom_etl_dag.py
[2025-09-24T21:36:14.043+0000] {logging_mixin.py:188} INFO - [2025-09-24T21:36:14.043+0000] {dag.py:3096} INFO - Sync 1 DAGs
[2025-09-24T21:36:14.064+0000] {logging_mixin.py:188} INFO - [2025-09-24T21:36:14.064+0000] {dag.py:3954} INFO - Setting next_dagrun for ecom_etl to 2025-09-24 02:30:00+00:00, run_after=2025-09-25 02:30:00+00:00
[2025-09-24T21:36:14.086+0000] {processor.py:183} INFO - Processing /opt/airflow/dags/ecom_etl_dag.py took 0.098 seconds
[2025-09-24T21:36:44.273+0000] {processor.py:161} INFO - Started process (PID=692) to work on /opt/airflow/dags/ecom_etl_dag.py
[2025-09-24T21:36:44.274+0000] {processor.py:830} INFO - Processing file /opt/airflow/dags/ecom_etl_dag.py for tasks to queue
[2025-09-24T21:36:44.278+0000] {logging_mixin.py:188} INFO - [2025-09-24T21:36:44.277+0000] {dagbag.py:545} INFO - Filling up the DagBag from /opt/airflow/dags/ecom_etl_dag.py
[2025-09-24T21:36:44.314+0000] {processor.py:840} INFO - DAG(s) 'ecom_etl' retrieved from /opt/airflow/dags/ecom_etl_dag.py
[2025-09-24T21:36:44.349+0000] {logging_mixin.py:188} INFO - [2025-09-24T21:36:44.348+0000] {dag.py:3096} INFO - Sync 1 DAGs
[2025-09-24T21:36:44.374+0000] {logging_mixin.py:188} INFO - [2025-09-24T21:36:44.374+0000] {dag.py:3954} INFO - Setting next_dagrun for ecom_etl to 2025-09-24 02:30:00+00:00, run_after=2025-09-25 02:30:00+00:00
[2025-09-24T21:36:44.402+0000] {processor.py:183} INFO - Processing /opt/airflow/dags/ecom_etl_dag.py took 0.138 seconds
[2025-09-24T21:37:14.549+0000] {processor.py:161} INFO - Started process (PID=693) to work on /opt/airflow/dags/ecom_etl_dag.py
[2025-09-24T21:37:14.551+0000] {processor.py:830} INFO - Processing file /opt/airflow/dags/ecom_etl_dag.py for tasks to queue
[2025-09-24T21:37:14.554+0000] {logging_mixin.py:188} INFO - [2025-09-24T21:37:14.553+0000] {dagbag.py:545} INFO - Filling up the DagBag from /opt/airflow/dags/ecom_etl_dag.py
[2025-09-24T21:37:14.579+0000] {processor.py:840} INFO - DAG(s) 'ecom_etl' retrieved from /opt/airflow/dags/ecom_etl_dag.py
[2025-09-24T21:37:14.608+0000] {logging_mixin.py:188} INFO - [2025-09-24T21:37:14.608+0000] {dag.py:3096} INFO - Sync 1 DAGs
[2025-09-24T21:37:14.632+0000] {logging_mixin.py:188} INFO - [2025-09-24T21:37:14.632+0000] {dag.py:3954} INFO - Setting next_dagrun for ecom_etl to 2025-09-24 02:30:00+00:00, run_after=2025-09-25 02:30:00+00:00
[2025-09-24T21:37:14.656+0000] {processor.py:183} INFO - Processing /opt/airflow/dags/ecom_etl_dag.py took 0.113 seconds
[2025-09-24T21:37:44.784+0000] {processor.py:161} INFO - Started process (PID=694) to work on /opt/airflow/dags/ecom_etl_dag.py
[2025-09-24T21:37:44.786+0000] {processor.py:830} INFO - Processing file /opt/airflow/dags/ecom_etl_dag.py for tasks to queue
[2025-09-24T21:37:44.788+0000] {logging_mixin.py:188} INFO - [2025-09-24T21:37:44.788+0000] {dagbag.py:545} INFO - Filling up the DagBag from /opt/airflow/dags/ecom_etl_dag.py
[2025-09-24T21:37:44.811+0000] {processor.py:840} INFO - DAG(s) 'ecom_etl' retrieved from /opt/airflow/dags/ecom_etl_dag.py
[2025-09-24T21:37:44.838+0000] {logging_mixin.py:188} INFO - [2025-09-24T21:37:44.838+0000] {dag.py:3096} INFO - Sync 1 DAGs
[2025-09-24T21:37:44.859+0000] {logging_mixin.py:188} INFO - [2025-09-24T21:37:44.859+0000] {dag.py:3954} INFO - Setting next_dagrun for ecom_etl to 2025-09-24 02:30:00+00:00, run_after=2025-09-25 02:30:00+00:00
[2025-09-24T21:37:44.882+0000] {processor.py:183} INFO - Processing /opt/airflow/dags/ecom_etl_dag.py took 0.102 seconds
[2025-09-24T21:38:15.038+0000] {processor.py:161} INFO - Started process (PID=695) to work on /opt/airflow/dags/ecom_etl_dag.py
[2025-09-24T21:38:15.039+0000] {processor.py:830} INFO - Processing file /opt/airflow/dags/ecom_etl_dag.py for tasks to queue
[2025-09-24T21:38:15.040+0000] {logging_mixin.py:188} INFO - [2025-09-24T21:38:15.040+0000] {dagbag.py:545} INFO - Filling up the DagBag from /opt/airflow/dags/ecom_etl_dag.py
[2025-09-24T21:38:15.060+0000] {processor.py:840} INFO - DAG(s) 'ecom_etl' retrieved from /opt/airflow/dags/ecom_etl_dag.py
[2025-09-24T21:38:15.085+0000] {logging_mixin.py:188} INFO - [2025-09-24T21:38:15.085+0000] {dag.py:3096} INFO - Sync 1 DAGs
[2025-09-24T21:38:15.106+0000] {logging_mixin.py:188} INFO - [2025-09-24T21:38:15.105+0000] {dag.py:3954} INFO - Setting next_dagrun for ecom_etl to 2025-09-24 02:30:00+00:00, run_after=2025-09-25 02:30:00+00:00
[2025-09-24T21:38:15.128+0000] {processor.py:183} INFO - Processing /opt/airflow/dags/ecom_etl_dag.py took 0.095 seconds
[2025-09-24T21:38:45.299+0000] {processor.py:161} INFO - Started process (PID=696) to work on /opt/airflow/dags/ecom_etl_dag.py
[2025-09-24T21:38:45.300+0000] {processor.py:830} INFO - Processing file /opt/airflow/dags/ecom_etl_dag.py for tasks to queue
[2025-09-24T21:38:45.303+0000] {logging_mixin.py:188} INFO - [2025-09-24T21:38:45.302+0000] {dagbag.py:545} INFO - Filling up the DagBag from /opt/airflow/dags/ecom_etl_dag.py
[2025-09-24T21:38:45.328+0000] {processor.py:840} INFO - DAG(s) 'ecom_etl' retrieved from /opt/airflow/dags/ecom_etl_dag.py
[2025-09-24T21:38:45.356+0000] {logging_mixin.py:188} INFO - [2025-09-24T21:38:45.356+0000] {dag.py:3096} INFO - Sync 1 DAGs
[2025-09-24T21:38:45.379+0000] {logging_mixin.py:188} INFO - [2025-09-24T21:38:45.379+0000] {dag.py:3954} INFO - Setting next_dagrun for ecom_etl to 2025-09-24 02:30:00+00:00, run_after=2025-09-25 02:30:00+00:00
[2025-09-24T21:38:45.404+0000] {processor.py:183} INFO - Processing /opt/airflow/dags/ecom_etl_dag.py took 0.112 seconds
[2025-09-24T21:39:15.550+0000] {processor.py:161} INFO - Started process (PID=697) to work on /opt/airflow/dags/ecom_etl_dag.py
[2025-09-24T21:39:15.551+0000] {processor.py:830} INFO - Processing file /opt/airflow/dags/ecom_etl_dag.py for tasks to queue
[2025-09-24T21:39:15.552+0000] {logging_mixin.py:188} INFO - [2025-09-24T21:39:15.552+0000] {dagbag.py:545} INFO - Filling up the DagBag from /opt/airflow/dags/ecom_etl_dag.py
[2025-09-24T21:39:15.572+0000] {processor.py:840} INFO - DAG(s) 'ecom_etl' retrieved from /opt/airflow/dags/ecom_etl_dag.py
[2025-09-24T21:39:15.596+0000] {logging_mixin.py:188} INFO - [2025-09-24T21:39:15.596+0000] {dag.py:3096} INFO - Sync 1 DAGs
[2025-09-24T21:39:15.617+0000] {logging_mixin.py:188} INFO - [2025-09-24T21:39:15.617+0000] {dag.py:3954} INFO - Setting next_dagrun for ecom_etl to 2025-09-24 02:30:00+00:00, run_after=2025-09-25 02:30:00+00:00
[2025-09-24T21:39:15.640+0000] {processor.py:183} INFO - Processing /opt/airflow/dags/ecom_etl_dag.py took 0.096 seconds
[2025-09-24T21:39:45.839+0000] {processor.py:161} INFO - Started process (PID=698) to work on /opt/airflow/dags/ecom_etl_dag.py
[2025-09-24T21:39:45.844+0000] {processor.py:830} INFO - Processing file /opt/airflow/dags/ecom_etl_dag.py for tasks to queue
[2025-09-24T21:39:45.860+0000] {logging_mixin.py:188} INFO - [2025-09-24T21:39:45.856+0000] {dagbag.py:545} INFO - Filling up the DagBag from /opt/airflow/dags/ecom_etl_dag.py
[2025-09-24T21:39:45.970+0000] {processor.py:840} INFO - DAG(s) 'ecom_etl' retrieved from /opt/airflow/dags/ecom_etl_dag.py
[2025-09-24T21:39:46.133+0000] {logging_mixin.py:188} INFO - [2025-09-24T21:39:46.133+0000] {dag.py:3096} INFO - Sync 1 DAGs
[2025-09-24T21:39:46.224+0000] {logging_mixin.py:188} INFO - [2025-09-24T21:39:46.223+0000] {dag.py:3954} INFO - Setting next_dagrun for ecom_etl to 2025-09-24 02:30:00+00:00, run_after=2025-09-25 02:30:00+00:00
[2025-09-24T21:39:46.501+0000] {processor.py:183} INFO - Processing /opt/airflow/dags/ecom_etl_dag.py took 0.697 seconds
[2025-09-24T21:40:16.812+0000] {processor.py:161} INFO - Started process (PID=699) to work on /opt/airflow/dags/ecom_etl_dag.py
[2025-09-24T21:40:16.815+0000] {processor.py:830} INFO - Processing file /opt/airflow/dags/ecom_etl_dag.py for tasks to queue
[2025-09-24T21:40:16.822+0000] {logging_mixin.py:188} INFO - [2025-09-24T21:40:16.821+0000] {dagbag.py:545} INFO - Filling up the DagBag from /opt/airflow/dags/ecom_etl_dag.py
[2025-09-24T21:40:16.897+0000] {processor.py:840} INFO - DAG(s) 'ecom_etl' retrieved from /opt/airflow/dags/ecom_etl_dag.py
[2025-09-24T21:40:17.007+0000] {logging_mixin.py:188} INFO - [2025-09-24T21:40:17.007+0000] {dag.py:3096} INFO - Sync 1 DAGs
[2025-09-24T21:40:17.095+0000] {logging_mixin.py:188} INFO - [2025-09-24T21:40:17.095+0000] {dag.py:3954} INFO - Setting next_dagrun for ecom_etl to 2025-09-24 02:30:00+00:00, run_after=2025-09-25 02:30:00+00:00
[2025-09-24T21:40:17.154+0000] {processor.py:183} INFO - Processing /opt/airflow/dags/ecom_etl_dag.py took 0.398 seconds
[2025-09-24T21:40:47.357+0000] {processor.py:161} INFO - Started process (PID=700) to work on /opt/airflow/dags/ecom_etl_dag.py
[2025-09-24T21:40:47.359+0000] {processor.py:830} INFO - Processing file /opt/airflow/dags/ecom_etl_dag.py for tasks to queue
[2025-09-24T21:40:47.361+0000] {logging_mixin.py:188} INFO - [2025-09-24T21:40:47.360+0000] {dagbag.py:545} INFO - Filling up the DagBag from /opt/airflow/dags/ecom_etl_dag.py
[2025-09-24T21:40:47.396+0000] {processor.py:840} INFO - DAG(s) 'ecom_etl' retrieved from /opt/airflow/dags/ecom_etl_dag.py
[2025-09-24T21:40:47.468+0000] {logging_mixin.py:188} INFO - [2025-09-24T21:40:47.467+0000] {dag.py:3096} INFO - Sync 1 DAGs
[2025-09-24T21:40:47.528+0000] {logging_mixin.py:188} INFO - [2025-09-24T21:40:47.528+0000] {dag.py:3954} INFO - Setting next_dagrun for ecom_etl to 2025-09-24 02:30:00+00:00, run_after=2025-09-25 02:30:00+00:00
[2025-09-24T21:40:47.569+0000] {processor.py:183} INFO - Processing /opt/airflow/dags/ecom_etl_dag.py took 0.218 seconds
[2025-09-24T21:41:17.731+0000] {processor.py:161} INFO - Started process (PID=701) to work on /opt/airflow/dags/ecom_etl_dag.py
[2025-09-24T21:41:17.732+0000] {processor.py:830} INFO - Processing file /opt/airflow/dags/ecom_etl_dag.py for tasks to queue
[2025-09-24T21:41:17.735+0000] {logging_mixin.py:188} INFO - [2025-09-24T21:41:17.735+0000] {dagbag.py:545} INFO - Filling up the DagBag from /opt/airflow/dags/ecom_etl_dag.py
[2025-09-24T21:41:17.759+0000] {processor.py:840} INFO - DAG(s) 'ecom_etl' retrieved from /opt/airflow/dags/ecom_etl_dag.py
[2025-09-24T21:41:17.790+0000] {logging_mixin.py:188} INFO - [2025-09-24T21:41:17.790+0000] {dag.py:3096} INFO - Sync 1 DAGs
[2025-09-24T21:41:17.833+0000] {logging_mixin.py:188} INFO - [2025-09-24T21:41:17.832+0000] {dag.py:3954} INFO - Setting next_dagrun for ecom_etl to 2025-09-24 02:30:00+00:00, run_after=2025-09-25 02:30:00+00:00
[2025-09-24T21:41:17.876+0000] {processor.py:183} INFO - Processing /opt/airflow/dags/ecom_etl_dag.py took 0.152 seconds
[2025-09-24T21:41:48.015+0000] {processor.py:161} INFO - Started process (PID=702) to work on /opt/airflow/dags/ecom_etl_dag.py
[2025-09-24T21:41:48.017+0000] {processor.py:830} INFO - Processing file /opt/airflow/dags/ecom_etl_dag.py for tasks to queue
[2025-09-24T21:41:48.020+0000] {logging_mixin.py:188} INFO - [2025-09-24T21:41:48.019+0000] {dagbag.py:545} INFO - Filling up the DagBag from /opt/airflow/dags/ecom_etl_dag.py
[2025-09-24T21:41:48.056+0000] {processor.py:840} INFO - DAG(s) 'ecom_etl' retrieved from /opt/airflow/dags/ecom_etl_dag.py
[2025-09-24T21:41:48.102+0000] {logging_mixin.py:188} INFO - [2025-09-24T21:41:48.102+0000] {dag.py:3096} INFO - Sync 1 DAGs
[2025-09-24T21:41:48.136+0000] {logging_mixin.py:188} INFO - [2025-09-24T21:41:48.135+0000] {dag.py:3954} INFO - Setting next_dagrun for ecom_etl to 2025-09-24 02:30:00+00:00, run_after=2025-09-25 02:30:00+00:00
[2025-09-24T21:41:48.170+0000] {processor.py:183} INFO - Processing /opt/airflow/dags/ecom_etl_dag.py took 0.171 seconds
[2025-09-24T21:42:18.287+0000] {processor.py:161} INFO - Started process (PID=703) to work on /opt/airflow/dags/ecom_etl_dag.py
[2025-09-24T21:42:18.289+0000] {processor.py:830} INFO - Processing file /opt/airflow/dags/ecom_etl_dag.py for tasks to queue
[2025-09-24T21:42:18.292+0000] {logging_mixin.py:188} INFO - [2025-09-24T21:42:18.292+0000] {dagbag.py:545} INFO - Filling up the DagBag from /opt/airflow/dags/ecom_etl_dag.py
[2025-09-24T21:42:18.324+0000] {processor.py:840} INFO - DAG(s) 'ecom_etl' retrieved from /opt/airflow/dags/ecom_etl_dag.py
[2025-09-24T21:42:18.363+0000] {logging_mixin.py:188} INFO - [2025-09-24T21:42:18.362+0000] {dag.py:3096} INFO - Sync 1 DAGs
[2025-09-24T21:42:18.395+0000] {logging_mixin.py:188} INFO - [2025-09-24T21:42:18.394+0000] {dag.py:3954} INFO - Setting next_dagrun for ecom_etl to 2025-09-24 02:30:00+00:00, run_after=2025-09-25 02:30:00+00:00
[2025-09-24T21:42:18.427+0000] {processor.py:183} INFO - Processing /opt/airflow/dags/ecom_etl_dag.py took 0.148 seconds
[2025-09-24T21:42:48.561+0000] {processor.py:161} INFO - Started process (PID=704) to work on /opt/airflow/dags/ecom_etl_dag.py
[2025-09-24T21:42:48.563+0000] {processor.py:830} INFO - Processing file /opt/airflow/dags/ecom_etl_dag.py for tasks to queue
[2025-09-24T21:42:48.566+0000] {logging_mixin.py:188} INFO - [2025-09-24T21:42:48.565+0000] {dagbag.py:545} INFO - Filling up the DagBag from /opt/airflow/dags/ecom_etl_dag.py
[2025-09-24T21:42:48.597+0000] {processor.py:840} INFO - DAG(s) 'ecom_etl' retrieved from /opt/airflow/dags/ecom_etl_dag.py
[2025-09-24T21:42:48.636+0000] {logging_mixin.py:188} INFO - [2025-09-24T21:42:48.636+0000] {dag.py:3096} INFO - Sync 1 DAGs
[2025-09-24T21:42:48.665+0000] {logging_mixin.py:188} INFO - [2025-09-24T21:42:48.665+0000] {dag.py:3954} INFO - Setting next_dagrun for ecom_etl to 2025-09-24 02:30:00+00:00, run_after=2025-09-25 02:30:00+00:00
[2025-09-24T21:42:48.694+0000] {processor.py:183} INFO - Processing /opt/airflow/dags/ecom_etl_dag.py took 0.140 seconds
[2025-09-24T21:43:18.845+0000] {processor.py:161} INFO - Started process (PID=705) to work on /opt/airflow/dags/ecom_etl_dag.py
[2025-09-24T21:43:18.847+0000] {processor.py:830} INFO - Processing file /opt/airflow/dags/ecom_etl_dag.py for tasks to queue
[2025-09-24T21:43:18.851+0000] {logging_mixin.py:188} INFO - [2025-09-24T21:43:18.850+0000] {dagbag.py:545} INFO - Filling up the DagBag from /opt/airflow/dags/ecom_etl_dag.py
[2025-09-24T21:43:18.892+0000] {processor.py:840} INFO - DAG(s) 'ecom_etl' retrieved from /opt/airflow/dags/ecom_etl_dag.py
[2025-09-24T21:43:18.950+0000] {logging_mixin.py:188} INFO - [2025-09-24T21:43:18.949+0000] {dag.py:3096} INFO - Sync 1 DAGs
[2025-09-24T21:43:18.994+0000] {logging_mixin.py:188} INFO - [2025-09-24T21:43:18.994+0000] {dag.py:3954} INFO - Setting next_dagrun for ecom_etl to 2025-09-24 02:30:00+00:00, run_after=2025-09-25 02:30:00+00:00
[2025-09-24T21:43:19.033+0000] {processor.py:183} INFO - Processing /opt/airflow/dags/ecom_etl_dag.py took 0.199 seconds
[2025-09-24T21:43:49.204+0000] {processor.py:161} INFO - Started process (PID=706) to work on /opt/airflow/dags/ecom_etl_dag.py
[2025-09-24T21:43:49.206+0000] {processor.py:830} INFO - Processing file /opt/airflow/dags/ecom_etl_dag.py for tasks to queue
[2025-09-24T21:43:49.208+0000] {logging_mixin.py:188} INFO - [2025-09-24T21:43:49.207+0000] {dagbag.py:545} INFO - Filling up the DagBag from /opt/airflow/dags/ecom_etl_dag.py
[2025-09-24T21:43:49.228+0000] {processor.py:840} INFO - DAG(s) 'ecom_etl' retrieved from /opt/airflow/dags/ecom_etl_dag.py
[2025-09-24T21:43:49.259+0000] {logging_mixin.py:188} INFO - [2025-09-24T21:43:49.259+0000] {dag.py:3096} INFO - Sync 1 DAGs
[2025-09-24T21:43:49.284+0000] {logging_mixin.py:188} INFO - [2025-09-24T21:43:49.284+0000] {dag.py:3954} INFO - Setting next_dagrun for ecom_etl to 2025-09-24 02:30:00+00:00, run_after=2025-09-25 02:30:00+00:00
[2025-09-24T21:43:49.312+0000] {processor.py:183} INFO - Processing /opt/airflow/dags/ecom_etl_dag.py took 0.113 seconds
[2025-09-24T21:44:19.473+0000] {processor.py:161} INFO - Started process (PID=707) to work on /opt/airflow/dags/ecom_etl_dag.py
[2025-09-24T21:44:19.474+0000] {processor.py:830} INFO - Processing file /opt/airflow/dags/ecom_etl_dag.py for tasks to queue
[2025-09-24T21:44:19.476+0000] {logging_mixin.py:188} INFO - [2025-09-24T21:44:19.476+0000] {dagbag.py:545} INFO - Filling up the DagBag from /opt/airflow/dags/ecom_etl_dag.py
[2025-09-24T21:44:19.500+0000] {processor.py:840} INFO - DAG(s) 'ecom_etl' retrieved from /opt/airflow/dags/ecom_etl_dag.py
[2025-09-24T21:44:19.527+0000] {logging_mixin.py:188} INFO - [2025-09-24T21:44:19.527+0000] {dag.py:3096} INFO - Sync 1 DAGs
[2025-09-24T21:44:19.549+0000] {logging_mixin.py:188} INFO - [2025-09-24T21:44:19.548+0000] {dag.py:3954} INFO - Setting next_dagrun for ecom_etl to 2025-09-24 02:30:00+00:00, run_after=2025-09-25 02:30:00+00:00
[2025-09-24T21:44:19.571+0000] {processor.py:183} INFO - Processing /opt/airflow/dags/ecom_etl_dag.py took 0.104 seconds
[2025-09-24T21:44:49.726+0000] {processor.py:161} INFO - Started process (PID=708) to work on /opt/airflow/dags/ecom_etl_dag.py
[2025-09-24T21:44:49.727+0000] {processor.py:830} INFO - Processing file /opt/airflow/dags/ecom_etl_dag.py for tasks to queue
[2025-09-24T21:44:49.729+0000] {logging_mixin.py:188} INFO - [2025-09-24T21:44:49.729+0000] {dagbag.py:545} INFO - Filling up the DagBag from /opt/airflow/dags/ecom_etl_dag.py
[2025-09-24T21:44:49.748+0000] {processor.py:840} INFO - DAG(s) 'ecom_etl' retrieved from /opt/airflow/dags/ecom_etl_dag.py
[2025-09-24T21:44:49.772+0000] {logging_mixin.py:188} INFO - [2025-09-24T21:44:49.772+0000] {dag.py:3096} INFO - Sync 1 DAGs
[2025-09-24T21:44:49.792+0000] {logging_mixin.py:188} INFO - [2025-09-24T21:44:49.792+0000] {dag.py:3954} INFO - Setting next_dagrun for ecom_etl to 2025-09-24 02:30:00+00:00, run_after=2025-09-25 02:30:00+00:00
[2025-09-24T21:44:49.815+0000] {processor.py:183} INFO - Processing /opt/airflow/dags/ecom_etl_dag.py took 0.094 seconds
