[2025-09-24T21:29:13.238+0000] {local_task_job_runner.py:120} INFO - ::group::Pre task execution logs
[2025-09-24T21:29:13.267+0000] {taskinstance.py:2076} INFO - Dependencies all met for dep_context=non-requeueable deps ti=<TaskInstance: ecom_etl.analytics_rfm manual__2025-09-24T21:22:14.477908+00:00 [queued]>
[2025-09-24T21:29:13.275+0000] {taskinstance.py:2076} INFO - Dependencies all met for dep_context=requeueable deps ti=<TaskInstance: ecom_etl.analytics_rfm manual__2025-09-24T21:22:14.477908+00:00 [queued]>
[2025-09-24T21:29:13.276+0000] {taskinstance.py:2306} INFO - Starting attempt 1 of 2
[2025-09-24T21:29:13.294+0000] {taskinstance.py:2330} INFO - Executing <Task(BashOperator): analytics_rfm> on 2025-09-24 21:22:14.477908+00:00
[2025-09-24T21:29:13.298+0000] {standard_task_runner.py:63} INFO - Started process 664 to run task
[2025-09-24T21:29:13.302+0000] {standard_task_runner.py:90} INFO - Running: ['airflow', 'tasks', 'run', 'ecom_etl', 'analytics_rfm', 'manual__2025-09-24T21:22:14.477908+00:00', '--job-id', '21', '--raw', '--subdir', 'DAGS_FOLDER/ecom_etl_dag.py', '--cfg-path', '/tmp/tmp0ul2ylvt']
[2025-09-24T21:29:13.305+0000] {standard_task_runner.py:91} INFO - Job 21: Subtask analytics_rfm
[2025-09-24T21:29:13.361+0000] {task_command.py:426} INFO - Running <TaskInstance: ecom_etl.analytics_rfm manual__2025-09-24T21:22:14.477908+00:00 [running]> on host b829da94a7fc
[2025-09-24T21:29:13.432+0000] {taskinstance.py:2648} INFO - Exporting env vars: AIRFLOW_CTX_DAG_OWNER='ecom' AIRFLOW_CTX_DAG_ID='ecom_etl' AIRFLOW_CTX_TASK_ID='analytics_rfm' AIRFLOW_CTX_EXECUTION_DATE='2025-09-24T21:22:14.477908+00:00' AIRFLOW_CTX_TRY_NUMBER='1' AIRFLOW_CTX_DAG_RUN_ID='manual__2025-09-24T21:22:14.477908+00:00'
[2025-09-24T21:29:13.433+0000] {taskinstance.py:430} INFO - ::endgroup::
[2025-09-24T21:29:13.448+0000] {subprocess.py:63} INFO - Tmp dir root location: /tmp
[2025-09-24T21:29:13.450+0000] {subprocess.py:75} INFO - Running command: ['/usr/bin/bash', '-c', 'export PG_HOST=postgres PG_USER=ecom_user PG_PASS=ecom_pass PG_DB=ecom_dw PG_SCHEMA=ecom;python /opt/airflow/scripts/analytics_rfm.py']
[2025-09-24T21:29:13.459+0000] {subprocess.py:86} INFO - Output:
[2025-09-24T21:29:24.698+0000] {subprocess.py:93} INFO - ✅ RFM segmentation complete. Saved to ecom.customer_segments
[2025-09-24T21:29:24.855+0000] {subprocess.py:97} INFO - Command exited with return code 0
[2025-09-24T21:29:24.856+0000] {taskinstance.py:441} INFO - ::group::Post task execution logs
[2025-09-24T21:29:24.876+0000] {taskinstance.py:1206} INFO - Marking task as SUCCESS. dag_id=ecom_etl, task_id=analytics_rfm, run_id=manual__2025-09-24T21:22:14.477908+00:00, execution_date=20250924T212214, start_date=20250924T212913, end_date=20250924T212924
[2025-09-24T21:29:24.896+0000] {local_task_job_runner.py:240} INFO - Task exited with return code 0
[2025-09-24T21:29:24.905+0000] {taskinstance.py:3503} INFO - 0 downstream tasks scheduled from follow-on schedule check
[2025-09-24T21:29:24.906+0000] {local_task_job_runner.py:222} INFO - ::endgroup::
