[2025-09-24T21:22:17.671+0000] {local_task_job_runner.py:120} INFO - ::group::Pre task execution logs
[2025-09-24T21:22:17.689+0000] {taskinstance.py:2076} INFO - Dependencies all met for dep_context=non-requeueable deps ti=<TaskInstance: ecom_etl.ingest_to_mongo manual__2025-09-24T21:22:14.477908+00:00 [queued]>
[2025-09-24T21:22:17.694+0000] {taskinstance.py:2076} INFO - Dependencies all met for dep_context=requeueable deps ti=<TaskInstance: ecom_etl.ingest_to_mongo manual__2025-09-24T21:22:14.477908+00:00 [queued]>
[2025-09-24T21:22:17.694+0000] {taskinstance.py:2306} INFO - Starting attempt 1 of 2
[2025-09-24T21:22:17.707+0000] {taskinstance.py:2330} INFO - Executing <Task(BashOperator): ingest_to_mongo> on 2025-09-24 21:22:14.477908+00:00
[2025-09-24T21:22:17.710+0000] {standard_task_runner.py:63} INFO - Started process 482 to run task
[2025-09-24T21:22:17.713+0000] {standard_task_runner.py:90} INFO - Running: ['airflow', 'tasks', 'run', 'ecom_etl', 'ingest_to_mongo', 'manual__2025-09-24T21:22:14.477908+00:00', '--job-id', '15', '--raw', '--subdir', 'DAGS_FOLDER/ecom_etl_dag.py', '--cfg-path', '/tmp/tmpxkagpbpg']
[2025-09-24T21:22:17.715+0000] {standard_task_runner.py:91} INFO - Job 15: Subtask ingest_to_mongo
[2025-09-24T21:22:17.762+0000] {task_command.py:426} INFO - Running <TaskInstance: ecom_etl.ingest_to_mongo manual__2025-09-24T21:22:14.477908+00:00 [running]> on host b829da94a7fc
[2025-09-24T21:22:17.830+0000] {taskinstance.py:2648} INFO - Exporting env vars: AIRFLOW_CTX_DAG_OWNER='ecom' AIRFLOW_CTX_DAG_ID='ecom_etl' AIRFLOW_CTX_TASK_ID='ingest_to_mongo' AIRFLOW_CTX_EXECUTION_DATE='2025-09-24T21:22:14.477908+00:00' AIRFLOW_CTX_TRY_NUMBER='1' AIRFLOW_CTX_DAG_RUN_ID='manual__2025-09-24T21:22:14.477908+00:00'
[2025-09-24T21:22:17.831+0000] {taskinstance.py:430} INFO - ::endgroup::
[2025-09-24T21:22:17.846+0000] {subprocess.py:63} INFO - Tmp dir root location: /tmp
[2025-09-24T21:22:17.847+0000] {subprocess.py:75} INFO - Running command: ['/usr/bin/bash', '-c', 'export MONGO_HOST=mongo MONGO_USER=ecom_admin MONGO_PASS=ecom_admin_pass MONGO_DB=ecom;python /opt/airflow/scripts/ingest_to_mongo.py']
[2025-09-24T21:22:17.857+0000] {subprocess.py:86} INFO - Output:
[2025-09-24T21:22:29.188+0000] {subprocess.py:93} INFO - Loading /opt/airflow/data/raw/olist_customers_dataset.csv -> customers ...
[2025-09-24T21:22:29.189+0000] {subprocess.py:93} INFO - Inserted 99441 records into customers
[2025-09-24T21:22:29.189+0000] {subprocess.py:93} INFO - Loading /opt/airflow/data/raw/olist_orders_dataset.csv -> orders ...
[2025-09-24T21:22:29.190+0000] {subprocess.py:93} INFO - Inserted 99441 records into orders
[2025-09-24T21:22:29.190+0000] {subprocess.py:93} INFO - Loading /opt/airflow/data/raw/olist_order_items_dataset.csv -> items ...
[2025-09-24T21:22:29.191+0000] {subprocess.py:93} INFO - Inserted 112650 records into items
[2025-09-24T21:22:29.192+0000] {subprocess.py:93} INFO - Loading /opt/airflow/data/raw/olist_order_reviews_dataset.csv -> reviews ...
[2025-09-24T21:22:29.192+0000] {subprocess.py:93} INFO - Inserted 99224 records into reviews
[2025-09-24T21:22:29.192+0000] {subprocess.py:93} INFO - ✅ Ingestion complete!
[2025-09-24T21:22:29.724+0000] {subprocess.py:97} INFO - Command exited with return code 0
[2025-09-24T21:22:29.726+0000] {taskinstance.py:441} INFO - ::group::Post task execution logs
[2025-09-24T21:22:29.746+0000] {taskinstance.py:1206} INFO - Marking task as SUCCESS. dag_id=ecom_etl, task_id=ingest_to_mongo, run_id=manual__2025-09-24T21:22:14.477908+00:00, execution_date=20250924T212214, start_date=20250924T212217, end_date=20250924T212229
[2025-09-24T21:22:29.791+0000] {local_task_job_runner.py:240} INFO - Task exited with return code 0
[2025-09-24T21:22:29.818+0000] {taskinstance.py:3503} INFO - 1 downstream tasks scheduled from follow-on schedule check
[2025-09-24T21:22:29.825+0000] {local_task_job_runner.py:222} INFO - ::endgroup::
