[2025-09-28T20:08:54.660+0000] {local_task_job_runner.py:120} INFO - ::group::Pre task execution logs
[2025-09-28T20:08:54.690+0000] {taskinstance.py:2076} INFO - Dependencies all met for dep_context=non-requeueable deps ti=<TaskInstance: ecom_etl.data_quality_checks manual__2025-09-28T20:07:26.009018+00:00 [queued]>
[2025-09-28T20:08:54.699+0000] {taskinstance.py:2076} INFO - Dependencies all met for dep_context=requeueable deps ti=<TaskInstance: ecom_etl.data_quality_checks manual__2025-09-28T20:07:26.009018+00:00 [queued]>
[2025-09-28T20:08:54.700+0000] {taskinstance.py:2306} INFO - Starting attempt 1 of 2
[2025-09-28T20:08:54.719+0000] {taskinstance.py:2330} INFO - Executing <Task(BashOperator): data_quality_checks> on 2025-09-28 20:07:26.009018+00:00
[2025-09-28T20:08:54.725+0000] {standard_task_runner.py:63} INFO - Started process 157 to run task
[2025-09-28T20:08:54.728+0000] {standard_task_runner.py:90} INFO - Running: ['airflow', 'tasks', 'run', 'ecom_etl', 'data_quality_checks', 'manual__2025-09-28T20:07:26.009018+00:00', '--job-id', '35', '--raw', '--subdir', 'DAGS_FOLDER/ecom_etl_dag.py', '--cfg-path', '/tmp/tmpkdnjnfxo']
[2025-09-28T20:08:54.731+0000] {standard_task_runner.py:91} INFO - Job 35: Subtask data_quality_checks
[2025-09-28T20:08:54.795+0000] {task_command.py:426} INFO - Running <TaskInstance: ecom_etl.data_quality_checks manual__2025-09-28T20:07:26.009018+00:00 [running]> on host 868eef8f4f48
[2025-09-28T20:08:54.892+0000] {taskinstance.py:2648} INFO - Exporting env vars: AIRFLOW_CTX_DAG_OWNER='ecom' AIRFLOW_CTX_DAG_ID='ecom_etl' AIRFLOW_CTX_TASK_ID='data_quality_checks' AIRFLOW_CTX_EXECUTION_DATE='2025-09-28T20:07:26.009018+00:00' AIRFLOW_CTX_TRY_NUMBER='1' AIRFLOW_CTX_DAG_RUN_ID='manual__2025-09-28T20:07:26.009018+00:00'
[2025-09-28T20:08:54.893+0000] {taskinstance.py:430} INFO - ::endgroup::
[2025-09-28T20:08:54.915+0000] {subprocess.py:63} INFO - Tmp dir root location: /tmp
[2025-09-28T20:08:54.917+0000] {subprocess.py:75} INFO - Running command: ['/usr/bin/bash', '-c', 'export PG_HOST=postgres PG_USER=ecom_user PG_PASS=ecom_pass PG_DB=ecom_dw PG_SCHEMA=ecom && export DATA_DIR=/opt/airflow/data && python /opt/airflow/scripts/data_quality_checks.py']
[2025-09-28T20:08:54.925+0000] {subprocess.py:86} INFO - Output:
[2025-09-28T20:08:57.035+0000] {subprocess.py:93} INFO -                                       check status          info
[2025-09-28T20:08:57.036+0000] {subprocess.py:93} INFO - 0                      orders row_count > 0   PASS    rows=99441
[2025-09-28T20:08:57.036+0000] {subprocess.py:93} INFO - 1                 order_items row_count > 0   PASS   rows=112650
[2025-09-28T20:08:57.037+0000] {subprocess.py:93} INFO - 2                   customers row_count > 0   PASS    rows=99441
[2025-09-28T20:08:57.037+0000] {subprocess.py:93} INFO - 3                    products row_count > 0   PASS    rows=32951
[2025-09-28T20:08:57.037+0000] {subprocess.py:93} INFO - 4                     sellers row_count > 0   PASS     rows=3095
[2025-09-28T20:08:57.038+0000] {subprocess.py:93} INFO - 5              order_payments row_count > 0   PASS    rows=99440
[2025-09-28T20:08:57.038+0000] {subprocess.py:93} INFO - 6                    orders.order_id unique   PASS  duplicates=0
[2025-09-28T20:08:57.038+0000] {subprocess.py:93} INFO - 7              customers.customer_id unique   PASS  duplicates=0
[2025-09-28T20:08:57.038+0000] {subprocess.py:93} INFO - 8                products.product_id unique   PASS  duplicates=0
[2025-09-28T20:08:57.039+0000] {subprocess.py:93} INFO - 9                  sellers.seller_id unique   PASS  duplicates=0
[2025-09-28T20:08:57.039+0000] {subprocess.py:93} INFO - 10                 orders.order_id not null   PASS       nulls=0
[2025-09-28T20:08:57.039+0000] {subprocess.py:93} INFO - 11              orders.customer_id not null   PASS       nulls=0
[2025-09-28T20:08:57.040+0000] {subprocess.py:93} INFO - 12           customers.customer_id not null   PASS       nulls=0
[2025-09-28T20:08:57.040+0000] {subprocess.py:93} INFO - 13                  orders.order_value >= 0   PASS   negatives=0
[2025-09-28T20:08:57.040+0000] {subprocess.py:93} INFO - 14  order_payments.payment_value_total >= 0   PASS   negatives=0
[2025-09-28T20:08:57.041+0000] {subprocess.py:93} INFO - 15       orders.order_status allowed_values   PASS  out_of_set=0
[2025-09-28T20:08:57.041+0000] {subprocess.py:93} INFO - 16      orders delivered_at >= purchased_at   PASS  violations=0
[2025-09-28T20:08:57.041+0000] {subprocess.py:93} INFO - 
[2025-09-28T20:08:57.041+0000] {subprocess.py:93} INFO - Data Quality report saved: /opt/airflow/data/processed/quality_report.csv
[2025-09-28T20:08:57.115+0000] {subprocess.py:97} INFO - Command exited with return code 0
[2025-09-28T20:08:57.116+0000] {taskinstance.py:441} INFO - ::group::Post task execution logs
[2025-09-28T20:08:57.132+0000] {taskinstance.py:1206} INFO - Marking task as SUCCESS. dag_id=ecom_etl, task_id=data_quality_checks, run_id=manual__2025-09-28T20:07:26.009018+00:00, execution_date=20250928T200726, start_date=20250928T200854, end_date=20250928T200857
[2025-09-28T20:08:57.189+0000] {local_task_job_runner.py:240} INFO - Task exited with return code 0
[2025-09-28T20:08:57.200+0000] {taskinstance.py:3503} INFO - 1 downstream tasks scheduled from follow-on schedule check
[2025-09-28T20:08:57.207+0000] {local_task_job_runner.py:222} INFO - ::endgroup::
