[2025-09-28T20:09:00.081+0000] {local_task_job_runner.py:120} INFO - ::group::Pre task execution logs
[2025-09-28T20:09:00.103+0000] {taskinstance.py:2076} INFO - Dependencies all met for dep_context=non-requeueable deps ti=<TaskInstance: ecom_etl.analytics_rfm manual__2025-09-28T20:07:26.009018+00:00 [queued]>
[2025-09-28T20:09:00.109+0000] {taskinstance.py:2076} INFO - Dependencies all met for dep_context=requeueable deps ti=<TaskInstance: ecom_etl.analytics_rfm manual__2025-09-28T20:07:26.009018+00:00 [queued]>
[2025-09-28T20:09:00.110+0000] {taskinstance.py:2306} INFO - Starting attempt 1 of 2
[2025-09-28T20:09:00.125+0000] {taskinstance.py:2330} INFO - Executing <Task(BashOperator): analytics_rfm> on 2025-09-28 20:07:26.009018+00:00
[2025-09-28T20:09:00.129+0000] {standard_task_runner.py:63} INFO - Started process 183 to run task
[2025-09-28T20:09:00.132+0000] {standard_task_runner.py:90} INFO - Running: ['airflow', 'tasks', 'run', 'ecom_etl', 'analytics_rfm', 'manual__2025-09-28T20:07:26.009018+00:00', '--job-id', '36', '--raw', '--subdir', 'DAGS_FOLDER/ecom_etl_dag.py', '--cfg-path', '/tmp/tmp7fftojm5']
[2025-09-28T20:09:00.134+0000] {standard_task_runner.py:91} INFO - Job 36: Subtask analytics_rfm
[2025-09-28T20:09:00.181+0000] {task_command.py:426} INFO - Running <TaskInstance: ecom_etl.analytics_rfm manual__2025-09-28T20:07:26.009018+00:00 [running]> on host 868eef8f4f48
[2025-09-28T20:09:00.252+0000] {taskinstance.py:2648} INFO - Exporting env vars: AIRFLOW_CTX_DAG_OWNER='ecom' AIRFLOW_CTX_DAG_ID='ecom_etl' AIRFLOW_CTX_TASK_ID='analytics_rfm' AIRFLOW_CTX_EXECUTION_DATE='2025-09-28T20:07:26.009018+00:00' AIRFLOW_CTX_TRY_NUMBER='1' AIRFLOW_CTX_DAG_RUN_ID='manual__2025-09-28T20:07:26.009018+00:00'
[2025-09-28T20:09:00.253+0000] {taskinstance.py:430} INFO - ::endgroup::
[2025-09-28T20:09:00.268+0000] {subprocess.py:63} INFO - Tmp dir root location: /tmp
[2025-09-28T20:09:00.269+0000] {subprocess.py:75} INFO - Running command: ['/usr/bin/bash', '-c', 'export PG_HOST=postgres PG_USER=ecom_user PG_PASS=ecom_pass PG_DB=ecom_dw PG_SCHEMA=ecom && export DATA_DIR=/opt/airflow/data && python /opt/airflow/scripts/analytics_rfm.py']
[2025-09-28T20:09:00.277+0000] {subprocess.py:86} INFO - Output:
[2025-09-28T20:09:11.548+0000] {subprocess.py:93} INFO - RFM segmentation complete → ecom.customer_segments (PK = customer_unique_id)
[2025-09-28T20:09:11.707+0000] {subprocess.py:97} INFO - Command exited with return code 0
[2025-09-28T20:09:11.709+0000] {taskinstance.py:441} INFO - ::group::Post task execution logs
[2025-09-28T20:09:11.732+0000] {taskinstance.py:1206} INFO - Marking task as SUCCESS. dag_id=ecom_etl, task_id=analytics_rfm, run_id=manual__2025-09-28T20:07:26.009018+00:00, execution_date=20250928T200726, start_date=20250928T200900, end_date=20250928T200911
[2025-09-28T20:09:11.787+0000] {local_task_job_runner.py:240} INFO - Task exited with return code 0
[2025-09-28T20:09:11.800+0000] {taskinstance.py:3503} INFO - 0 downstream tasks scheduled from follow-on schedule check
[2025-09-28T20:09:11.801+0000] {local_task_job_runner.py:222} INFO - ::endgroup::
